#
# There is insufficient memory for the Java Runtime Environment to continue.
# Native memory allocation (malloc) failed to allocate 3664 bytes. Error detail: nmethod: no space for immutable data
# Possible reasons:
#   The system is out of physical RAM or swap space
#   This process is running with CompressedOops enabled, and the Java Heap may be blocking the growth of the native heap
# Possible solutions:
#   Reduce memory load on the system
#   Increase physical memory or swap space
#   Check if swap backing store is full
#   Decrease Java heap size (-Xmx/-Xms)
#
#  
]  (no source info available)
V  [jvm.dll+0x8d9da3]  (no source info available)
V  [jvm.dll+0x8dc28d]  (no source info available)
V  [jvm.dll+0x8dc903]  (no source info available)
V  [jvm.dll+0x2a9f56]  (no source info available)
V  [jvm.dll+0x7042d4]  (no source info available)
V  [jvm.dll+0x20ff81]  (no source info available)
V  [jvm.dll+0x1718a6]  (no source info available)
V  [jvm.dll+0x170b3c]  (no source info available)
V  [jvm.dll+0x17295d]  (no source info available)
V  [jvm.dll+0x27e0cb]  (no source info available)
V  [jvm.dll+0x27c36a]  (no source info available)
V  [jvm.dll+0x42f396]  (no source info available)
V  [jvm.dll+0x87d9eb]  (no source info available)
V  [jvm.dll+0x72ef45]  (no source info available)
C  [ucrtbase.dll+0x29333]  (no source info available)
C  [KERNEL32.DLL+0x1259d]  (no source info available)
C  [ntdll.dll+0x5af78]  (no source info available)

Lock stack of current Java thread (top to bottom):


---------------  P R O C E S S  ---------------

Threads class SMR info:
_java_thread_list=0x00000111473c2680, length=31, elements={
0x00000111411258a0, 0x00000111411275e0, 0x0000011141129ac0, 0x000001114112dc50,
0x000001114112e390, 0x000001114112eec0, 0x0000011141131d30, 0x000001114119b2d0,
0x0000011141301f80, 0x0000011141601390, 0x0000011141601ad0, 0x0000011146d7ab30,
0x0000011146d79c90, 0x0000011146d7a3e0, 0x0000011146d7b9d0, 0x0000011146d7c120,
0x0000011146d79540, 0x000001114679c910, 0x000001114679ba70, 0x00000111467995e0,
0x00000111467978a0, 0x000001114679abd0, 0x0000011146797ff0, 0x0000011146799d30,
0x000001114679b320, 0x000001114679d060, 0x0000011146798740, 0x0000011146798e90,
0x000001114679a480, 0x000001114679c1c0, 0x000001114679d7b0
}

Java Threads: ( => current thread )
  0x00000111411258a0 JavaThread "Reference Handler"          daemon [_thread_blocked, id=8200, stack(0x000000068a600000,0x000000068a700000) (1024K)]
  0x00000111411275e0 JavaThread "Finalizer"                  daemon [_thread_blocked, id=19508, stack(0x000000068a700000,0x000000068a800000) (1024K)]
  0x0000011141129ac0 JavaThread "Signal Dispatcher"          daemon [_thread_blocked, id=8656, stack(0x000000068a800000,0x000000068a900000) (1024K)]
  0x000001114112dc50 JavaThread "Attach Listener"            daemon [_thread_blocked, id=14844, stack(0x000000068a900000,0x000000068aa00000) (1024K)]
  0x000001114112e390 JavaThread "Service Thread"             daemon [_thread_blocked, id=3644, stack(0x000000068aa00000,0x000000068ab00000) (1024K)]
  0x000001114112eec0 JavaThread "Monitor Deflation Thread"   daemon [_thread_blocked, id=6732, stack(0x000000068ab00000,0x000000068ac00000) (1024K)]
  0x0000011141131d30 JavaThread "C2 CompilerThread0"         daemon [_thread_blocked, id=22820, stack(0x000000068ac00000,0x000000068ad00000) (1024K)]
=>0x000001114119b2d0 JavaThread "C1 CompilerThread0"         daemon [_thread_in_vm, id=16216, stack(0x000000068ad00000,0x000000068ae00000) (1024K)]
  0x0000011141301f80 JavaThread "Common-Cleaner"             daemon [_thread_blocked, id=22840, stack(0x000000068ae00000,0x000000068af00000) (1024K)]
  0x0000011141601390 JavaThread "Monitor Ctrl-Break"         daemon [_thread_in_native, id=12264, stack(0x000000068af00000,0x000000068b000000) (1024K)]
  0x0000011141601ad0 JavaThread "Notification Thread"        daemon [_thread_blocked, id=1936, stack(0x000000068b000000,0x000000068b100000) (1024K)]
  0x0000011146d7ab30 JavaThread "Catalina-utility-1"                [_thread_blocked, id=8284, stack(0x000000068b200000,0x000000068b300000) (1024K)]
  0x0000011146d79c90 JavaThread "Catalina-utility-2"                [_thread_blocked, id=17748, stack(0x000000068b300000,0x000000068b400000) (1024K)]
  0x0000011146d7a3e0 JavaThread "container-0"                       [_thread_blocked, id=9720, stack(0x000000068b400000,0x000000068b500000) (1024K)]
  0x0000011146d7b9d0 JavaThread "MVStore background writer C:/Users/calab/Florescer/Florescer.db.mv.db" daemon [_thread_blocked, id=544, stack(0x000000068b500000,0x000000068b600000) (1024K)]
  0x0000011146d7c120 JavaThread "HikariPool-1:housekeeper"   daemon [_thread_blocked, id=11528, stack(0x000000068b600000,0x000000068b700000) (1024K)]
  0x0000011146d79540 JavaThread "H2-serialization"           daemon [_thread_blocked, id=11896, stack(0x000000068b800000,0x000000068b900000) (1024K)]
  0x000001114679c910 JavaThread "H2-save"                    daemon [_thread_blocked, id=12644, stack(0x000000068b900000,0x000000068ba00000) (1024K)]
  0x000001114679ba70 JavaThread "http-nio-8080-exec-1"       daemon [_thread_blocked, id=14820, stack(0x000000068b700000,0x000000068b800000) (1024K)]
  0x00000111467995e0 JavaThread "http-nio-8080-exec-2"       daemon [_thread_blocked, id=18772, stack(0x000000068ba00000,0x000000068bb00000) (1024K)]
  0x00000111467978a0 JavaThread "http-nio-8080-exec-3"       daemon [_thread_blocked, id=6976, stack(0x000000068bb00000,0x000000068bc00000) (1024K)]
  0x000001114679abd0 JavaThread "http-nio-8080-exec-4"       daemon [_thread_blocked, id=5348, stack(0x000000068bc00000,0x000000068bd00000) (1024K)]
  0x0000011146797ff0 JavaThread "http-nio-8080-exec-5"       daemon [_thread_blocked, id=10656, stack(0x000000068bd00000,0x000000068be00000) (1024K)]
  0x0000011146799d30 JavaThread "http-nio-8080-exec-6"       daemon [_thread_blocked, id=5440, stack(0x000000068be00000,0x000000068bf00000) (1024K)]
  0x000001114679b320 JavaThread "http-nio-8080-exec-7"       daemon [_thread_blocked, id=21220, stack(0x000000068bf00000,0x000000068c000000) (1024K)]
  0x000001114679d060 JavaThread "http-nio-8080-exec-8"       daemon [_thread_blocked, id=22892, stack(0x000000068c000000,0x000000068c100000) (1024K)]
  0x0000011146798740 JavaThread "http-nio-8080-exec-9"       daemon [_thread_blocked, id=22876, stack(0x000000068c100000,0x000000068c200000) (1024K)]
  0x0000011146798e90 JavaThread "http-nio-8080-exec-10"      daemon [_thread_blocked, id=12748, stack(0x000000068c200000,0x000000068c300000) (1024K)]
  0x000001114679a480 JavaThread "http-nio-8080-Poller"       daemon [_thread_in_native, id=9984, stack(0x000000068c300000,0x000000068c400000) (1024K)]
  0x000001114679c1c0 JavaThread "http-nio-8080-Acceptor"     daemon [_thread_in_native, id=17708, stack(0x000000068c400000,0x000000068c500000) (1024K)]
  0x000001114679d7b0 JavaThread "DestroyJavaVM"                     [_thread_blocked, id=1240, stack(0x0000000689e00000,0x0000000689f00000) (1024K)]
Total: 31

Other Threads:
  0x0000011162c967b0 VMThread "VM Thread"                           [id=24912, stack(0x000000068a500000,0x000000068a600000) (1024K)]
  0x0000011162c889d0 WatcherThread "VM Periodic Task Thread"        [id=9808, stack(0x000000068a400000,0x000000068a500000) (1024K)]
  0x0000011162c1c2a0 WorkerThread "GC Thread#0"                     [id=22992, stack(0x0000000689f00000,0x000000068a000000) (1024K)]
  0x0000011141cb7b30 WorkerThread "GC Thread#1"                     [id=22404, stack(0x000000068b100000,0x000000068b200000) (1024K)]
  0x0000011162c26b70 ConcurrentGCThread "G1 Main Marker"            [id=13860, stack(0x000000068a000000,0x000000068a100000) (1024K)]
  0x0000011162c27680 WorkerThread "G1 Conc#0"                       [id=10688, stack(0x000000068a100000,0x000000068a200000) (1024K)]
  0x0000011162c7a820 ConcurrentGCThread "G1 Refine#0"               [id=23508, stack(0x000000068a200000,0x000000068a300000) (1024K)]
  0x0000011162c7b3a0 ConcurrentGCThread "G1 Service"                [id=21400, stack(0x000000068a300000,0x000000068a400000) (1024K)]
Total: 8

Threads with active compile tasks:
C1 CompilerThread0  2696726 7770   !   3       org.h2.jdbc.JdbcConnection::getTransactionIsolation (28 bytes)
Total: 1

VM state: not at safepoint (normal execution)

VM Mutex/Monitor currently owned by a thread:  ([mutex/lock_event])
[0x00007fffe3af3070] MethodCompileQueue_lock - owner thread: 0x000001114119b2d0
[0x00007fffe3af4570] Compile_lock - owner thread: 0x000001114119b2d0

Heap address: 0x00000000c3000000, size: 976 MB, Compressed Oops mode: 32-bit

CDS archive(s) mapped at: [0x0000011100000000-0x0000011100d40000-0x0000011100d40000), size 13893632, SharedBaseAddress: 0x0000011100000000, ArchiveRelocationMode: 1.
Compressed class space mapped at: 0x0000011101000000-0x0000011141000000, reserved size: 1073741824
UseCompressedClassPointers 1, UseCompactObjectHeaders 0
Narrow klass pointer bits 32, Max shift 3
Narrow klass base: 0x0000011100000000, Narrow klass shift: 0
Encoding Range: [0x0000011100000000 - 0x0000011200000000), (4294967296 bytes)
Klass Range:    [0x0000011100000000 - 0x0000011141000000), (1090519040 bytes)
Klass ID Range:  [8 - 1090519033) (1090519025)

GC Precious Log:
 CardTable entry size: 512
 Card Set container configuration: InlinePtr #cards 5 size 8 Array Of Cards #cards 10 size 36 Howl #buckets 4 coarsen threshold 1843 Howl Bitmap #cards 512 size 80 coarsen threshold 460 Card regions per heap region 1 cards per card region 2048
 CPUs: 2 total, 2 available
 Memory: 3902M
 Large Page Support: Disabled
 NUMA Support: Disabled
 Compressed Oops: Enabled (32-bit)
 Heap Region Size: 1M
 Heap Min Capacity: 8M
 Heap Initial Capacity: 62M
 Heap Max Capacity: 976M
 Pre-touch: Disabled
 Parallel Workers: 2
 Concurrent Workers: 1
 Concurrent Refinement Workers: 2
 Periodic GC: Disabled

Heap:
 garbage-first heap   total reserved 999424K, committed 201728K, used 73728K [0x00000000c3000000, 0x0000000100000000)
  region size 1024K, 13 young (13312K), 1 survivors (1024K)
 Metaspace       used 79904K, committed 80576K, reserved 1179648K
  class space    used 9054K, committed 9344K, reserved 1048576K

Heap Regions: E=young(eden), S=young(survivor), O=old, HS=humongous(starts), HC=humongous(continues), CS=collection set, F=free, TAMS=top-at-mark-start, PB=parsable bottom
|   0|0x00000000c3000000, 0x00000000c3100000, 0x00000000c3100000|100%|HS|  |TAMS 0x00000000c3000000| PB 0x00000000c3000000| Complete |  0
|   1|0x00000000c3100000, 0x00000000c3200000, 0x00000000c3200000|100%|HS|  |TAMS 0x00000000c3100000| PB 0x00000000c3100000| Complete |  0
|   2|0x00000000c3200000, 0x00000000c3300000, 0x00000000c3300000|100%| O|  |TAMS 0x00000000c3200000| PB 0x00000000c3200000| Untracked |  0
|   3|0x00000000c3300000, 0x00000000c3400000, 0x00000000c3400000|100%| O|  |TAMS 0x00000000c3300000| PB 0x00000000c3300000| Untracked |  0
|   4|0x00000000c3400000, 0x00000000c3500000, 0x00000000c3500000|100%| O|  |TAMS 0x00000000c3400000| PB 0x00000000c3400000| Untracked |  0
|   5|0x00000000c3500000, 0x00000000c3600000, 0x00000000c3600000|100%| O|  |TAMS 0x00000000c3500000| PB 0x00000000c3500000| Untracked |  0
|   6|0x00000000c3600000, 0x00000000c3700000, 0x00000000c3700000|100%| O|  |TAMS 0x00000000c3600000| PB 0x00000000c3600000| Untracked |  0
|   7|0x00000000c3700000, 0x00000000c3800000, 0x00000000c3800000|100%| O|  |TAMS 0x00000000c3700000| PB 0x00000000c3700000| Untracked |  0
|   8|0x00000000c3800000, 0x00000000c3900000, 0x00000000c3900000|100%| O|  |TAMS 0x00000000c3800000| PB 0x00000000c3800000| Untracked |  0
|   9|0x00000000c3900000, 0x00000000c3a00000, 0x00000000c3a00000|100%| O|  |TAMS 0x00000000c3900000| PB 0x00000000c3900000| Untracked |  0
|  10|0x00000000c3a00000, 0x00000000c3b00000, 0x00000000c3b00000|100%| O|  |TAMS 0x00000000c3a00000| PB 0x00000000c3a00000| Untracked |  0
|  11|0x00000000c3b00000, 0x00000000c3c00000, 0x00000000c3c00000|100%| O|  |TAMS 0x00000000c3b00000| PB 0x00000000c3b00000| Untracked |  0
|  12|0x00000000c3c00000, 0x00000000c3d00000, 0x00000000c3d00000|100%| O|  |TAMS 0x00000000c3c00000| PB 0x00000000c3c00000| Untracked |  0
|  13|0x00000000c3d00000, 0x00000000c3e00000, 0x00000000c3e00000|100%| O|  |TAMS 0x00000000c3d00000| PB 0x00000000c3d00000| Untracked |  0
|  14|0x00000000c3e00000, 0x00000000c3f00000, 0x00000000c3f00000|100%| O|  |TAMS 0x00000000c3e00000| PB 0x00000000c3e00000| Untracked |  0
|  15|0x00000000c3f00000, 0x00000000c4000000, 0x00000000c4000000|100%| O|  |TAMS 0x00000000c3f00000| PB 0x00000000c3f00000| Untracked |  0
|  16|0x00000000c4000000, 0x00000000c4100000, 0x00000000c4100000|100%| O|  |TAMS 0x00000000c4000000| PB 0x00000000c4000000| Untracked |  0
|  17|0x00000000c4100000, 0x00000000c4200000, 0x00000000c4200000|100%| O|  |TAMS 0x00000000c4100000| PB 0x00000000c4100000| Untracked |  0
|  18|0x00000000c4200000, 0x00000000c4300000, 0x00000000c4300000|100%| O|  |TAMS 0x00000000c4200000| PB 0x00000000c4200000| Untracked |  0
|  19|0x00000000c4300000, 0x00000000c4400000, 0x00000000c4400000|100%| O|  |TAMS 0x00000000c4300000| PB 0x00000000c4300000| Untracked |  0
|  20|0x00000000c4400000, 0x00000000c4500000, 0x00000000c4500000|100%| O|  |TAMS 0x00000000c4400000| PB 0x00000000c4400000| Untracked |  0
|  21|0x00000000c4500000, 0x00000000c4600000, 0x00000000c4600000|100%|HS|  |TAMS 0x00000000c4500000| PB 0x00000000c4500000| Complete |  0
|  22|0x00000000c4600000, 0x00000000c4700000, 0x00000000c4700000|100%|HC|  |TAMS 0x00000000c4600000| PB 0x00000000c4600000| Complete |  0
|  23|0x00000000c4700000, 0x00000000c4800000, 0x00000000c4800000|100%| O|  |TAMS 0x00000000c4700000| PB 0x00000000c4700000| Untracked |  0
|  24|0x00000000c4800000, 0x00000000c4900000, 0x00000000c4900000|100%| O|  |TAMS 0x00000000c4800000| PB 0x00000000c4800000| Untracked |  0
|  25|0x00000000c4900000, 0x00000000c4a00000, 0x00000000c4a00000|100%| O|  |TAMS 0x00000000c4900000| PB 0x00000000c4900000| Untracked |  0
|  26|0x00000000c4a00000, 0x00000000c4b00000, 0x00000000c4b00000|100%| O|  |TAMS 0x00000000c4a00000| PB 0x00000000c4a00000| Untracked |  0
|  27|0x00000000c4b00000, 0x00000000c4c00000, 0x00000000c4c00000|100%| O|  |TAMS 0x00000000c4b00000| PB 0x00000000c4b00000| Untracked |  0
|  28|0x00000000c4c00000, 0x00000000c4d00000, 0x00000000c4d00000|100%| O|  |TAMS 0x00000000c4c00000| PB 0x00000000c4c00000| Untracked |  0
|  29|0x00000000c4d00000, 0x00000000c4e00000, 0x00000000c4e00000|100%| O|  |TAMS 0x00000000c4d00000| PB 0x00000000c4d00000| Untracked |  0
|  30|0x00000000c4e00000, 0x00000000c4f00000, 0x00000000c4f00000|100%| O|  |TAMS 0x00000000c4e00000| PB 0x00000000c4e00000| Untracked |  0
|  31|0x00000000c4f00000, 0x00000000c5000000, 0x00000000c5000000|100%| O|  |TAMS 0x00000000c4f00000| PB 0x00000000c4f00000| Untracked |  0
|  32|0x00000000c5000000, 0x00000000c5100000, 0x00000000c5100000|100%| O|  |TAMS 0x00000000c5000000| PB 0x00000000c5000000| Untracked |  0
|  33|0x00000000c5100000, 0x00000000c5200000, 0x00000000c5200000|100%| O|  |TAMS 0x00000000c5100000| PB 0x00000000c5100000| Untracked |  0
|  34|0x00000000c5200000, 0x00000000c5300000, 0x00000000c5300000|100%| O|  |TAMS 0x00000000c5200000| PB 0x00000000c5200000| Untracked |  0
|  35|0x00000000c5300000, 0x00000000c5400000, 0x00000000c5400000|100%| O|  |TAMS 0x00000000c5300000| PB 0x00000000c5300000| Untracked |  0
|  36|0x00000000c5400000, 0x00000000c5500000, 0x00000000c5500000|100%| O|  |TAMS 0x00000000c5400000| PB 0x00000000c5400000| Untracked |  0
|  37|0x00000000c5500000, 0x00000000c5600000, 0x00000000c5600000|100%| O|  |TAMS 0x00000000c5500000| PB 0x00000000c5500000| Untracked |  0
|  38|0x00000000c5600000, 0x00000000c5700000, 0x00000000c5700000|100%| O|  |TAMS 0x00000000c5600000| PB 0x00000000c5600000| Untracked |  0
|  39|0x00000000c5700000, 0x00000000c5800000, 0x00000000c5800000|100%| O|  |TAMS 0x00000000c5700000| PB 0x00000000c5700000| Untracked |  0
|  40|0x00000000c5800000, 0x00000000c5900000, 0x00000000c5900000|100%| O|  |TAMS 0x00000000c5800000| PB 0x00000000c5800000| Untracked |  0
|  41|0x00000000c5900000, 0x00000000c5a00000, 0x00000000c5a00000|100%| O|  |TAMS 0x00000000c5900000| PB 0x00000000c5900000| Untracked |  0
|  42|0x00000000c5a00000, 0x00000000c5b00000, 0x00000000c5b00000|100%| O|  |TAMS 0x00000000c5a00000| PB 0x00000000c5a00000| Untracked |  0
|  43|0x00000000c5b00000, 0x00000000c5c00000, 0x00000000c5c00000|100%| O|  |TAMS 0x00000000c5b00000| PB 0x00000000c5b00000| Untracked |  0
|  44|0x00000000c5c00000, 0x00000000c5d00000, 0x00000000c5d00000|100%| O|  |TAMS 0x00000000c5c00000| PB 0x00000000c5c00000| Untracked |  0
|  45|0x00000000c5d00000, 0x00000000c5e00000, 0x00000000c5e00000|100%| O|  |TAMS 0x00000000c5d00000| PB 0x00000000c5d00000| Untracked |  0
|  46|0x00000000c5e00000, 0x00000000c5f00000, 0x00000000c5f00000|100%| O|  |TAMS 0x00000000c5e00000| PB 0x00000000c5e00000| Untracked |  0
|  47|0x00000000c5f00000, 0x00000000c6000000, 0x00000000c6000000|100%| O|  |TAMS 0x00000000c5f00000| PB 0x00000000c5f00000| Untracked |  0
|  48|0x00000000c6000000, 0x00000000c6100000, 0x00000000c6100000|100%| O|  |TAMS 0x00000000c6000000| PB 0x00000000c6000000| Untracked |  0
|  49|0x00000000c6100000, 0x00000000c6200000, 0x00000000c6200000|100%| O|  |TAMS 0x00000000c6100000| PB 0x00000000c6100000| Untracked |  0
|  50|0x00000000c6200000, 0x00000000c6300000, 0x00000000c6300000|100%| O|  |TAMS 0x00000000c6200000| PB 0x00000000c6200000| Untracked |  0
|  51|0x00000000c6300000, 0x00000000c6400000, 0x00000000c6400000|100%| O|  |TAMS 0x00000000c6300000| PB 0x00000000c6300000| Untracked |  0
|  52|0x00000000c6400000, 0x00000000c6500000, 0x00000000c6500000|100%| O|  |TAMS 0x00000000c6400000| PB 0x00000000c6400000| Untracked |  0
|  53|0x00000000c6500000, 0x00000000c6600000, 0x00000000c6600000|100%| O|  |TAMS 0x00000000c6500000| PB 0x00000000c6500000| Untracked |  0
|  54|0x00000000c6600000, 0x00000000c6700000, 0x00000000c6700000|100%| O|  |TAMS 0x00000000c6600000| PB 0x00000000c6600000| Untracked |  0
|  55|0x00000000c6700000, 0x00000000c6700000, 0x00000000c6800000|  0%| F|  |TAMS 0x00000000c6700000| PB 0x00000000c6700000| Untracked |  0
|  56|0x00000000c6800000, 0x00000000c6800000, 0x00000000c6900000|  0%| F|  |TAMS 0x00000000c6800000| PB 0x00000000c6800000| Untracked |  0
|  57|0x00000000c6900000, 0x00000000c6900000, 0x00000000c6a00000|  0%| F|  |TAMS 0x00000000c6900000| PB 0x00000000c6900000| Untracked |  0
|  58|0x00000000c6a00000, 0x00000000c6a00000, 0x00000000c6b00000|  0%| F|  |TAMS 0x00000000c6a00000| PB 0x00000000c6a00000| Untracked |  0
|  59|0x00000000c6b00000, 0x00000000c6b00000, 0x00000000c6c00000|  0%| F|  |TAMS 0x00000000c6b00000| PB 0x00000000c6b00000| Untracked |  0
|  60|0x00000000c6c00000, 0x00000000c6c00000, 0x00000000c6d00000|  0%| F|  |TAMS 0x00000000c6c00000| PB 0x00000000c6c00000| Untracked |  0
|  61|0x00000000c6d00000, 0x00000000c6d00000, 0x00000000c6e00000|  0%| F|  |TAMS 0x00000000c6d00000| PB 0x00000000c6d00000| Untracked |  0
|  62|0x00000000c6e00000, 0x00000000c6e00000, 0x00000000c6f00000|  0%| F|  |TAMS 0x00000000c6e00000| PB 0x00000000c6e00000| Untracked |  0
|  63|0x00000000c6f00000, 0x00000000c6f00000, 0x00000000c7000000|  0%| F|  |TAMS 0x00000000c6f00000| PB 0x00000000c6f00000| Untracked |  0
|  64|0x00000000c7000000, 0x00000000c7000000, 0x00000000c7100000|  0%| F|  |TAMS 0x00000000c7000000| PB 0x00000000c7000000| Untracked |  0
|  65|0x00000000c7100000, 0x00000000c7100000, 0x00000000c7200000|  0%| F|  |TAMS 0x00000000c7100000| PB 0x00000000c7100000| Untracked |  0
|  66|0x00000000c7200000, 0x00000000c7200000, 0x00000000c7300000|  0%| F|  |TAMS 0x00000000c7200000| PB 0x00000000c7200000| Untracked |  0
|  67|0x00000000c7300000, 0x00000000c7300000, 0x00000000c7400000|  0%| F|  |TAMS 0x00000000c7300000| PB 0x00000000c7300000| Untracked |  0
|  68|0x00000000c7400000, 0x00000000c7400000, 0x00000000c7500000|  0%| F|  |TAMS 0x00000000c7400000| PB 0x00000000c7400000| Untracked |  0
|  69|0x00000000c7500000, 0x00000000c7500000, 0x00000000c7600000|  0%| F|  |TAMS 0x00000000c7500000| PB 0x00000000c7500000| Untracked |  0
|  70|0x00000000c7600000, 0x00000000c7600000, 0x00000000c7700000|  0%| F|  |TAMS 0x00000000c7600000| PB 0x00000000c7600000| Untracked |  0
|  71|0x00000000c7700000, 0x00000000c7700000, 0x00000000c7800000|  0%| F|  |TAMS 0x00000000c7700000| PB 0x00000000c7700000| Untracked |  0
|  72|0x00000000c7800000, 0x00000000c7800000, 0x00000000c7900000|  0%| F|  |TAMS 0x00000000c7800000| PB 0x00000000c7800000| Untracked |  0
|  73|0x00000000c7900000, 0x00000000c7900000, 0x00000000c7a00000|  0%| F|  |TAMS 0x00000000c7900000| PB 0x00000000c7900000| Untracked |  0
|  74|0x00000000c7a00000, 0x00000000c7a00000, 0x00000000c7b00000|  0%| F|  |TAMS 0x00000000c7a00000| PB 0x00000000c7a00000| Untracked |  0
|  75|0x00000000c7b00000, 0x00000000c7b00000, 0x00000000c7c00000|  0%| F|  |TAMS 0x00000000c7b00000| PB 0x00000000c7b00000| Untracked |  0
|  76|0x00000000c7c00000, 0x00000000c7c00000, 0x00000000c7d00000|  0%| F|  |TAMS 0x00000000c7c00000| PB 0x00000000c7c00000| Untracked |  0
|  77|0x00000000c7d00000, 0x00000000c7d00000, 0x00000000c7e00000|  0%| F|  |TAMS 0x00000000c7d00000| PB 0x00000000c7d00000| Untracked |  0
|  78|0x00000000c7e00000, 0x00000000c7e00000, 0x00000000c7f00000|  0%| F|  |TAMS 0x00000000c7e00000| PB 0x00000000c7e00000| Untracked |  0
|  79|0x00000000c7f00000, 0x00000000c7f00000, 0x00000000c8000000|  0%| F|  |TAMS 0x00000000c7f00000| PB 0x00000000c7f00000| Untracked |  0
|  80|0x00000000c8000000, 0x00000000c8000000, 0x00000000c8100000|  0%| F|  |TAMS 0x00000000c8000000| PB 0x00000000c8000000| Untracked |  0
|  81|0x00000000c8100000, 0x00000000c8100000, 0x00000000c8200000|  0%| F|  |TAMS 0x00000000c8100000| PB 0x00000000c8100000| Untracked |  0
|  82|0x00000000c8200000, 0x00000000c8200000, 0x00000000c8300000|  0%| F|  |TAMS 0x00000000c8200000| PB 0x00000000c8200000| Untracked |  0
|  83|0x00000000c8300000, 0x00000000c8300000, 0x00000000c8400000|  0%| F|  |TAMS 0x00000000c8300000| PB 0x00000000c8300000| Untracked |  0
|  84|0x00000000c8400000, 0x00000000c8400000, 0x00000000c8500000|  0%| F|  |TAMS 0x00000000c8400000| PB 0x00000000c8400000| Untracked |  0
|  85|0x00000000c8500000, 0x00000000c8500000, 0x00000000c8600000|  0%| F|  |TAMS 0x00000000c8500000| PB 0x00000000c8500000| Untracked |  0
|  86|0x00000000c8600000, 0x00000000c8600000, 0x00000000c8700000|  0%| F|  |TAMS 0x00000000c8600000| PB 0x00000000c8600000| Untracked |  0
|  87|0x00000000c8700000, 0x00000000c8700000, 0x00000000c8800000|  0%| F|  |TAMS 0x00000000c8700000| PB 0x00000000c8700000| Untracked |  0
|  88|0x00000000c8800000, 0x00000000c8800000, 0x00000000c8900000|  0%| F|  |TAMS 0x00000000c8800000| PB 0x00000000c8800000| Untracked |  0
|  89|0x00000000c8900000, 0x00000000c8900000, 0x00000000c8a00000|  0%| F|  |TAMS 0x00000000c8900000| PB 0x00000000c8900000| Untracked |  0
|  90|0x00000000c8a00000, 0x00000000c8a00000, 0x00000000c8b00000|  0%| F|  |TAMS 0x00000000c8a00000| PB 0x00000000c8a00000| Untracked |  0
|  91|0x00000000c8b00000, 0x00000000c8b00000, 0x00000000c8c00000|  0%| F|  |TAMS 0x00000000c8b00000| PB 0x00000000c8b00000| Untracked |  0
|  92|0x00000000c8c00000, 0x00000000c8c00000, 0x00000000c8d00000|  0%| F|  |TAMS 0x00000000c8c00000| PB 0x00000000c8c00000| Untracked |  0
|  93|0x00000000c8d00000, 0x00000000c8d00000, 0x00000000c8e00000|  0%| F|  |TAMS 0x00000000c8d00000| PB 0x00000000c8d00000| Untracked |  0
|  94|0x00000000c8e00000, 0x00000000c8e00000, 0x00000000c8f00000|  0%| F|  |TAMS 0x00000000c8e00000| PB 0x00000000c8e00000| Untracked |  0
|  95|0x00000000c8f00000, 0x00000000c8f00000, 0x00000000c9000000|  0%| F|  |TAMS 0x00000000c8f00000| PB 0x00000000c8f00000| Untracked |  0
|  96|0x00000000c9000000, 0x00000000c9000000, 0x00000000c9100000|  0%| F|  |TAMS 0x00000000c9000000| PB 0x00000000c9000000| Untracked |  0
|  97|0x00000000c9100000, 0x00000000c9100000, 0x00000000c9200000|  0%| F|  |TAMS 0x00000000c9100000| PB 0x00000000c9100000| Untracked |  0
|  98|0x00000000c9200000, 0x00000000c9200000, 0x00000000c9300000|  0%| F|  |TAMS 0x00000000c9200000| PB 0x00000000c9200000| Untracked |  0
|  99|0x00000000c9300000, 0x00000000c9300000, 0x00000000c9400000|  0%| F|  |TAMS 0x00000000c9300000| PB 0x00000000c9300000| Untracked |  0
| 100|0x00000000c9400000, 0x00000000c9400000, 0x00000000c9500000|  0%| F|  |TAMS 0x00000000c9400000| PB 0x00000000c9400000| Untracked |  0
| 101|0x00000000c9500000, 0x00000000c9500000, 0x00000000c9600000|  0%| F|  |TAMS 0x00000000c9500000| PB 0x00000000c9500000| Untracked |  0
| 102|0x00000000c9600000, 0x00000000c9600000, 0x00000000c9700000|  0%| F|  |TAMS 0x00000000c9600000| PB 0x00000000c9600000| Untracked |  0
| 103|0x00000000c9700000, 0x00000000c9700000, 0x00000000c9800000|  0%| F|  |TAMS 0x00000000c9700000| PB 0x00000000c9700000| Untracked |  0
| 104|0x00000000c9800000, 0x00000000c9800000, 0x00000000c9900000|  0%| F|  |TAMS 0x00000000c9800000| PB 0x00000000c9800000| Untracked |  0
| 105|0x00000000c9900000, 0x00000000c9900000, 0x00000000c9a00000|  0%| F|  |TAMS 0x00000000c9900000| PB 0x00000000c9900000| Untracked |  0
| 106|0x00000000c9a00000, 0x00000000c9a00000, 0x00000000c9b00000|  0%| F|  |TAMS 0x00000000c9a00000| PB 0x00000000c9a00000| Untracked |  0
| 107|0x00000000c9b00000, 0x00000000c9b00000, 0x00000000c9c00000|  0%| F|  |TAMS 0x00000000c9b00000| PB 0x00000000c9b00000| Untracked |  0
| 108|0x00000000c9c00000, 0x00000000c9c00000, 0x00000000c9d00000|  0%| F|  |TAMS 0x00000000c9c00000| PB 0x00000000c9c00000| Untracked |  0
| 109|0x00000000c9d00000, 0x00000000c9d00000, 0x00000000c9e00000|  0%| F|  |TAMS 0x00000000c9d00000| PB 0x00000000c9d00000| Untracked |  0
| 110|0x00000000c9e00000, 0x00000000c9e00000, 0x00000000c9f00000|  0%| F|  |TAMS 0x00000000c9e00000| PB 0x00000000c9e00000| Untracked |  0
| 111|0x00000000c9f00000, 0x00000000c9f00000, 0x00000000ca000000|  0%| F|  |TAMS 0x00000000c9f00000| PB 0x00000000c9f00000| Untracked |  0
| 112|0x00000000ca000000, 0x00000000ca000000, 0x00000000ca100000|  0%| F|  |TAMS 0x00000000ca000000| PB 0x00000000ca000000| Untracked |  0
| 113|0x00000000ca100000, 0x00000000ca100000, 0x00000000ca200000|  0%| F|  |TAMS 0x00000000ca100000| PB 0x00000000ca100000| Untracked |  0
| 114|0x00000000ca200000, 0x00000000ca200000, 0x00000000ca300000|  0%| F|  |TAMS 0x00000000ca200000| PB 0x00000000ca200000| Untracked |  0
| 115|0x00000000ca300000, 0x00000000ca300000, 0x00000000ca400000|  0%| F|  |TAMS 0x00000000ca300000| PB 0x00000000ca300000| Untracked |  0
| 116|0x00000000ca400000, 0x00000000ca400000, 0x00000000ca500000|  0%| F|  |TAMS 0x00000000ca400000| PB 0x00000000ca400000| Untracked |  0
| 117|0x00000000ca500000, 0x00000000ca500000, 0x00000000ca600000|  0%| F|  |TAMS 0x00000000ca500000| PB 0x00000000ca500000| Untracked |  0
| 118|0x00000000ca600000, 0x00000000ca600000, 0x00000000ca700000|  0%| F|  |TAMS 0x00000000ca600000| PB 0x00000000ca600000| Untracked |  0
| 119|0x00000000ca700000, 0x00000000ca700000, 0x00000000ca800000|  0%| F|  |TAMS 0x00000000ca700000| PB 0x00000000ca700000| Untracked |  0
| 120|0x00000000ca800000, 0x00000000ca800000, 0x00000000ca900000|  0%| F|  |TAMS 0x00000000ca800000| PB 0x00000000ca800000| Untracked |  0
| 121|0x00000000ca900000, 0x00000000ca900000, 0x00000000caa00000|  0%| F|  |TAMS 0x00000000ca900000| PB 0x00000000ca900000| Untracked |  0
| 122|0x00000000caa00000, 0x00000000caa00000, 0x00000000cab00000|  0%| F|  |TAMS 0x00000000caa00000| PB 0x00000000caa00000| Untracked |  0
| 123|0x00000000cab00000, 0x00000000cab00000, 0x00000000cac00000|  0%| F|  |TAMS 0x00000000cab00000| PB 0x00000000cab00000| Untracked |  0
| 124|0x00000000cac00000, 0x00000000cac00000, 0x00000000cad00000|  0%| F|  |TAMS 0x00000000cac00000| PB 0x00000000cac00000| Untracked |  0
| 125|0x00000000cad00000, 0x00000000cad00000, 0x00000000cae00000|  0%| F|  |TAMS 0x00000000cad00000| PB 0x00000000cad00000| Untracked |  0
| 126|0x00000000cae00000, 0x00000000cae00000, 0x00000000caf00000|  0%| F|  |TAMS 0x00000000cae00000| PB 0x00000000cae00000| Untracked |  0
| 127|0x00000000caf00000, 0x00000000caf00000, 0x00000000cb000000|  0%| F|  |TAMS 0x00000000caf00000| PB 0x00000000caf00000| Untracked |  0
| 128|0x00000000cb000000, 0x00000000cb000000, 0x00000000cb100000|  0%| F|  |TAMS 0x00000000cb000000| PB 0x00000000cb000000| Untracked |  0
| 129|0x00000000cb100000, 0x00000000cb100000, 0x00000000cb200000|  0%| F|  |TAMS 0x00000000cb100000| PB 0x00000000cb100000| Untracked |  0
| 130|0x00000000cb200000, 0x00000000cb200000, 0x00000000cb300000|  0%| F|  |TAMS 0x00000000cb200000| PB 0x00000000cb200000| Untracked |  0
| 131|0x00000000cb300000, 0x00000000cb300000, 0x00000000cb400000|  0%| F|  |TAMS 0x00000000cb300000| PB 0x00000000cb300000| Untracked |  0
| 132|0x00000000cb400000, 0x00000000cb400000, 0x00000000cb500000|  0%| F|  |TAMS 0x00000000cb400000| PB 0x00000000cb400000| Untracked |  0
| 133|0x00000000cb500000, 0x00000000cb500000, 0x00000000cb600000|  0%| F|  |TAMS 0x00000000cb500000| PB 0x00000000cb500000| Untracked |  0
| 134|0x00000000cb600000, 0x00000000cb600000, 0x00000000cb700000|  0%| F|  |TAMS 0x00000000cb600000| PB 0x00000000cb600000| Untracked |  0
| 135|0x00000000cb700000, 0x00000000cb700000, 0x00000000cb800000|  0%| F|  |TAMS 0x00000000cb700000| PB 0x00000000cb700000| Untracked |  0
| 136|0x00000000cb800000, 0x00000000cb800000, 0x00000000cb900000|  0%| F|  |TAMS 0x00000000cb800000| PB 0x00000000cb800000| Untracked |  0
| 137|0x00000000cb900000, 0x00000000cb900000, 0x00000000cba00000|  0%| F|  |TAMS 0x00000000cb900000| PB 0x00000000cb900000| Untracked |  0
| 138|0x00000000cba00000, 0x00000000cba00000, 0x00000000cbb00000|  0%| F|  |TAMS 0x00000000cba00000| PB 0x00000000cba00000| Untracked |  0
| 139|0x00000000cbb00000, 0x00000000cbb00000, 0x00000000cbc00000|  0%| F|  |TAMS 0x00000000cbb00000| PB 0x00000000cbb00000| Untracked |  0
| 140|0x00000000cbc00000, 0x00000000cbc00000, 0x00000000cbd00000|  0%| F|  |TAMS 0x00000000cbc00000| PB 0x00000000cbc00000| Untracked |  0
| 141|0x00000000cbd00000, 0x00000000cbd00000, 0x00000000cbe00000|  0%| F|  |TAMS 0x00000000cbd00000| PB 0x00000000cbd00000| Untracked |  0
| 142|0x00000000cbe00000, 0x00000000cbe00000, 0x00000000cbf00000|  0%| F|  |TAMS 0x00000000cbe00000| PB 0x00000000cbe00000| Untracked |  0
| 143|0x00000000cbf00000, 0x00000000cbf00000, 0x00000000cc000000|  0%| F|  |TAMS 0x00000000cbf00000| PB 0x00000000cbf00000| Untracked |  0
| 144|0x00000000cc000000, 0x00000000cc000000, 0x00000000cc100000|  0%| F|  |TAMS 0x00000000cc000000| PB 0x00000000cc000000| Untracked |  0
| 145|0x00000000cc100000, 0x00000000cc100000, 0x00000000cc200000|  0%| F|  |TAMS 0x00000000cc100000| PB 0x00000000cc100000| Untracked |  0
| 146|0x00000000cc200000, 0x00000000cc200000, 0x00000000cc300000|  0%| F|  |TAMS 0x00000000cc200000| PB 0x00000000cc200000| Untracked |  0
| 147|0x00000000cc300000, 0x00000000cc300000, 0x00000000cc400000|  0%| F|  |TAMS 0x00000000cc300000| PB 0x00000000cc300000| Untracked |  0
| 148|0x00000000cc400000, 0x00000000cc400000, 0x00000000cc500000|  0%| F|  |TAMS 0x00000000cc400000| PB 0x00000000cc400000| Untracked |  0
| 149|0x00000000cc500000, 0x00000000cc500000, 0x00000000cc600000|  0%| F|  |TAMS 0x00000000cc500000| PB 0x00000000cc500000| Untracked |  0
| 150|0x00000000cc600000, 0x00000000cc600000, 0x00000000cc700000|  0%| F|  |TAMS 0x00000000cc600000| PB 0x00000000cc600000| Untracked |  0
| 151|0x00000000cc700000, 0x00000000cc700000, 0x00000000cc800000|  0%| F|  |TAMS 0x00000000cc700000| PB 0x00000000cc700000| Untracked |  0
| 152|0x00000000cc800000, 0x00000000cc800000, 0x00000000cc900000|  0%| F|  |TAMS 0x00000000cc800000| PB 0x00000000cc800000| Untracked |  0
| 153|0x00000000cc900000, 0x00000000cc900000, 0x00000000cca00000|  0%| F|  |TAMS 0x00000000cc900000| PB 0x00000000cc900000| Untracked |  0
| 154|0x00000000cca00000, 0x00000000cca00000, 0x00000000ccb00000|  0%| F|  |TAMS 0x00000000cca00000| PB 0x00000000cca00000| Untracked |  0
| 155|0x00000000ccb00000, 0x00000000ccb00000, 0x00000000ccc00000|  0%| F|  |TAMS 0x00000000ccb00000| PB 0x00000000ccb00000| Untracked |  0
| 156|0x00000000ccc00000, 0x00000000ccc00000, 0x00000000ccd00000|  0%| F|  |TAMS 0x00000000ccc00000| PB 0x00000000ccc00000| Untracked |  0
| 157|0x00000000ccd00000, 0x00000000ccd00000, 0x00000000cce00000|  0%| F|  |TAMS 0x00000000ccd00000| PB 0x00000000ccd00000| Untracked |  0
| 158|0x00000000cce00000, 0x00000000cce00000, 0x00000000ccf00000|  0%| F|  |TAMS 0x00000000cce00000| PB 0x00000000cce00000| Untracked |  0
| 159|0x00000000ccf00000, 0x00000000ccf00000, 0x00000000cd000000|  0%| F|  |TAMS 0x00000000ccf00000| PB 0x00000000ccf00000| Untracked |  0
| 160|0x00000000cd000000, 0x00000000cd000000, 0x00000000cd100000|  0%| F|  |TAMS 0x00000000cd000000| PB 0x00000000cd000000| Untracked |  0
| 161|0x00000000cd100000, 0x00000000cd100000, 0x00000000cd200000|  0%| F|  |TAMS 0x00000000cd100000| PB 0x00000000cd100000| Untracked |  0
| 162|0x00000000cd200000, 0x00000000cd200000, 0x00000000cd300000|  0%| F|  |TAMS 0x00000000cd200000| PB 0x00000000cd200000| Untracked |  0
| 163|0x00000000cd300000, 0x00000000cd300000, 0x00000000cd400000|  0%| F|  |TAMS 0x00000000cd300000| PB 0x00000000cd300000| Untracked |  0
| 164|0x00000000cd400000, 0x00000000cd400000, 0x00000000cd500000|  0%| F|  |TAMS 0x00000000cd400000| PB 0x00000000cd400000| Untracked |  0
| 165|0x00000000cd500000, 0x00000000cd500000, 0x00000000cd600000|  0%| F|  |TAMS 0x00000000cd500000| PB 0x00000000cd500000| Untracked |  0
| 166|0x00000000cd600000, 0x00000000cd600000, 0x00000000cd700000|  0%| F|  |TAMS 0x00000000cd600000| PB 0x00000000cd600000| Untracked |  0
| 167|0x00000000cd700000, 0x00000000cd700000, 0x00000000cd800000|  0%| F|  |TAMS 0x00000000cd700000| PB 0x00000000cd700000| Untracked |  0
| 168|0x00000000cd800000, 0x00000000cd800000, 0x00000000cd900000|  0%| F|  |TAMS 0x00000000cd800000| PB 0x00000000cd800000| Untracked |  0
| 169|0x00000000cd900000, 0x00000000cd900000, 0x00000000cda00000|  0%| F|  |TAMS 0x00000000cd900000| PB 0x00000000cd900000| Untracked |  0
| 170|0x00000000cda00000, 0x00000000cda00000, 0x00000000cdb00000|  0%| F|  |TAMS 0x00000000cda00000| PB 0x00000000cda00000| Untracked |  0
| 171|0x00000000cdb00000, 0x00000000cdb00000, 0x00000000cdc00000|  0%| F|  |TAMS 0x00000000cdb00000| PB 0x00000000cdb00000| Untracked |  0
| 172|0x00000000cdc00000, 0x00000000cdc00000, 0x00000000cdd00000|  0%| F|  |TAMS 0x00000000cdc00000| PB 0x00000000cdc00000| Untracked |  0
| 173|0x00000000cdd00000, 0x00000000cdd00000, 0x00000000cde00000|  0%| F|  |TAMS 0x00000000cdd00000| PB 0x00000000cdd00000| Untracked |  0
| 174|0x00000000cde00000, 0x00000000cde00000, 0x00000000cdf00000|  0%| F|  |TAMS 0x00000000cde00000| PB 0x00000000cde00000| Untracked |  0
| 175|0x00000000cdf00000, 0x00000000cdf00000, 0x00000000ce000000|  0%| F|  |TAMS 0x00000000cdf00000| PB 0x00000000cdf00000| Untracked |  0
| 176|0x00000000ce000000, 0x00000000ce000000, 0x00000000ce100000|  0%| F|  |TAMS 0x00000000ce000000| PB 0x00000000ce000000| Untracked |  0
| 177|0x00000000ce100000, 0x00000000ce100000, 0x00000000ce200000|  0%| F|  |TAMS 0x00000000ce100000| PB 0x00000000ce100000| Untracked |  0
| 178|0x00000000ce200000, 0x00000000ce214d08, 0x00000000ce300000|  8%| E|  |TAMS 0x00000000ce200000| PB 0x00000000ce200000| Complete |  0
| 179|0x00000000ce300000, 0x00000000ce400000, 0x00000000ce400000|100%| E|CS|TAMS 0x00000000ce300000| PB 0x00000000ce300000| Complete |  0
| 180|0x00000000ce400000, 0x00000000ce500000, 0x00000000ce500000|100%| E|CS|TAMS 0x00000000ce400000| PB 0x00000000ce400000| Complete |  0
| 181|0x00000000ce500000, 0x00000000ce600000, 0x00000000ce600000|100%| E|CS|TAMS 0x00000000ce500000| PB 0x00000000ce500000| Complete |  0
| 182|0x00000000ce600000, 0x00000000ce700000, 0x00000000ce700000|100%| E|CS|TAMS 0x00000000ce600000| PB 0x00000000ce600000| Complete |  0
| 183|0x00000000ce700000, 0x00000000ce800000, 0x00000000ce800000|100%| E|CS|TAMS 0x00000000ce700000| PB 0x00000000ce700000| Complete |  0
| 184|0x00000000ce800000, 0x00000000ce900000, 0x00000000ce900000|100%| E|CS|TAMS 0x00000000ce800000| PB 0x00000000ce800000| Complete |  0
| 185|0x00000000ce900000, 0x00000000cea00000, 0x00000000cea00000|100%| S|CS|TAMS 0x00000000ce900000| PB 0x00000000ce900000| Complete |  0
| 186|0x00000000cea00000, 0x00000000ceb00000, 0x00000000ceb00000|100%| E|CS|TAMS 0x00000000cea00000| PB 0x00000000cea00000| Complete |  0
| 187|0x00000000ceb00000, 0x00000000cec00000, 0x00000000cec00000|100%| E|CS|TAMS 0x00000000ceb00000| PB 0x00000000ceb00000| Complete |  0
| 188|0x00000000cec00000, 0x00000000ced00000, 0x00000000ced00000|100%| E|  |TAMS 0x00000000cec00000| PB 0x00000000cec00000| Complete |  0
| 189|0x00000000ced00000, 0x00000000cee00000, 0x00000000cee00000|100%| E|CS|TAMS 0x00000000ced00000| PB 0x00000000ced00000| Complete |  0
| 969|0x00000000ff900000, 0x00000000ffa00000, 0x00000000ffa00000|100%| O|  |TAMS 0x00000000ff900000| PB 0x00000000ff900000| Untracked |  0
| 970|0x00000000ffa00000, 0x00000000ffb00000, 0x00000000ffb00000|100%| O|  |TAMS 0x00000000ffa00000| PB 0x00000000ffa00000| Untracked |  0
| 971|0x00000000ffb00000, 0x00000000ffc00000, 0x00000000ffc00000|100%| O|  |TAMS 0x00000000ffb00000| PB 0x00000000ffb00000| Untracked |  0
| 972|0x00000000ffc00000, 0x00000000ffd00000, 0x00000000ffd00000|100%| O|  |TAMS 0x00000000ffc00000| PB 0x00000000ffc00000| Untracked |  0
| 973|0x00000000ffd00000, 0x00000000ffe00000, 0x00000000ffe00000|100%| O|  |TAMS 0x00000000ffd00000| PB 0x00000000ffd00000| Untracked |  0
| 974|0x00000000ffe00000, 0x00000000fff00000, 0x00000000fff00000|100%| O|  |TAMS 0x00000000ffe00000| PB 0x00000000ffe00000| Untracked |  0
| 975|0x00000000fff00000, 0x0000000100000000, 0x0000000100000000|100%| E|CS|TAMS 0x00000000fff00000| PB 0x00000000fff00000| Complete |  0

Card table byte_map: [0x000001117a480000,0x000001117a670000] _byte_map_base: 0x0000011179e68000

Marking Bits: (CMBitMap*) 0x0000011162c1c9b0
 Bits: [0x000001117a670000, 0x000001117b5b0000)

Polling page: 0x0000011160980000

Metaspace:

Usage:
  Non-class:     69.19 MB used.
      Class:      8.84 MB used.
       Both:     78.03 MB used.

Virtual space:
  Non-class space:      128.00 MB reserved,      69.56 MB ( 54%) committed,  2 nodes.
      Class space:        1.00 GB reserved,       9.12 MB ( <1%) committed,  1 nodes.
             Both:        1.12 GB reserved,      78.69 MB (  7%) committed. 

Chunk freelists:
   Non-Class:  10.09 MB
       Class:  6.92 MB
        Both:  17.01 MB

MaxMetaspaceSize: unlimited
CompressedClassSpaceSize: 1.00 GB
Initial GC threshold: 21.00 MB
Current GC threshold: 112.19 MB
CDS: on
 - commit_granule_bytes: 65536.
 - commit_granule_words: 8192.
 - virtual_space_node_default_size: 8388608.
 - enlarge_chunks_in_place: 1.
UseCompressedClassPointers 1, UseCompactObjectHeaders 0
Narrow klass pointer bits 32, Max shift 3
Narrow klass base: 0x0000011100000000, Narrow klass shift: 0
Encoding Range: [0x0000011100000000 - 0x0000011200000000), (4294967296 bytes)
Klass Range:    [0x0000011100000000 - 0x0000011141000000), (1090519040 bytes)
Klass ID Range:  [8 - 1090519033) (1090519025)


Internal statistics:

num_allocs_failed_limit: 6.
num_arena_births: 816.
num_arena_deaths: 0.
num_vsnodes_births: 3.
num_vsnodes_deaths: 0.
num_space_committed: 1259.
num_space_uncommitted: 0.
num_chunks_returned_to_freelist: 6.
num_chunks_taken_from_freelist: 3663.
num_chunk_merges: 6.
num_chunk_splits: 2715.
num_chunks_enlarged: 2266.
num_inconsistent_stats: 0.

CodeHeap 'non-profiled nmethods': size=120128Kb used=3281Kb max_used=3281Kb free=116846Kb
 bounds [0x0000011172f30000, 0x0000011173270000, 0x000001117a480000]
CodeHeap 'profiled nmethods': size=120000Kb used=9974Kb max_used=9974Kb free=110025Kb
 bounds [0x000001116b480000, 0x000001116be40000, 0x00000111729b0000]
CodeHeap 'non-nmethods': size=5632Kb used=1597Kb max_used=1700Kb free=4034Kb
 bounds [0x00000111729b0000, 0x0000011172c20000, 0x0000011172f30000]
CodeCache: size=245760Kb, used=14852Kb, max_used=14955Kb, free=230905Kb
 total_blobs=7486, nmethods=6719, adapters=673, full_count=0
Compilation: enabled, stopped_count=0, restarted_count=0

Compilation events (20 events):
Event: 2538.938 Thread 0x000001114119b2d0 nmethod 7755 0x000001116be3b108 code [0x000001116be3b220, 0x000001116be3b3f0]
Event: 2542.161 Thread 0x0000011141131d30 7756       4       java.util.concurrent.locks.AbstractQueuedSynchronizer::acquireShared (20 bytes)
Event: 2542.208 Thread 0x0000011141131d30 nmethod 7756 0x0000011173263588 code [0x00000111732636a0, 0x0000011173263968]
Event: 2552.451 Thread 0x000001114119b2d0 7757       3       org.apache.catalina.LifecycleEvent::getLifecycle (8 bytes)
Event: 2552.483 Thread 0x000001114119b2d0 nmethod 7757 0x000001116be3b408 code [0x000001116be3b520, 0x000001116be3b7b0]
Event: 2567.522 Thread 0x000001114119b2d0 7758   !   3       org.apache.catalina.startup.Tomcat$FixContextListener::lifecycleEvent (81 bytes)
Event: 2567.621 Thread 0x000001114119b2d0 nmethod 7758 0x000001116be3b808 code [0x000001116be3ba20, 0x000001116be3c7a0]
Event: 2568.946 Thread 0x000001114119b2d0 7760       1       com.zaxxer.hikari.HikariConfig::getMinimumIdle (5 bytes)
Event: 2568.947 Thread 0x000001114119b2d0 nmethod 7760 0x0000011173263a08 code [0x0000011173263b00, 0x0000011173263bc8]
Event: 2572.859 Thread 0x000001114119b2d0 7761       3       org.apache.catalina.core.StandardServer$$Lambda/0x0000011101370450::run (8 bytes)
Event: 2572.926 Thread 0x000001114119b2d0 nmethod 7761 0x000001116be3c888 code [0x000001116be3c9c0, 0x000001116be3cc00]
Event: 2617.560 Thread 0x0000011141131d30 7765       4       java.util.concurrent.locks.ReentrantReadWriteLock$Sync::tryReleaseShared (146 bytes)
Event: 2617.564 Thread 0x000001114119b2d0 7763       3       java.util.Comparator::comparingLong (18 bytes)
Event: 2617.581 Thread 0x0000011141131d30 nmethod 7765 0x0000011173263d08 code [0x0000011173263e20, 0x0000011173263fd0]
Event: 2617.663 Thread 0x000001114119b2d0 nmethod 7763 0x000001116be3cc88 code [0x000001116be3ce20, 0x000001116be3d6b0]
Event: 2627.560 Thread 0x000001114119b2d0 7766       3       org.apache.catalina.core.ContainerBase$ContainerBackgroundProcessor::run (9 bytes)
Event: 2627.615 Thread 0x000001114119b2d0 nmethod 7766 0x000001116be3d788 code [0x000001116be3d8a0, 0x000001116be3d9f0]
Event: 2641.708 Thread 0x0000011141131d30 7769   !   4       java.lang.Thread::blockedOn (23 bytes)
Event: 2641.714 Thread 0x0000011141131d30 nmethod 7769 0x0000011173264008 code [0x0000011173264120, 0x0000011173264440]
Event: 2696.474 Thread 0x000001114119b2d0 7770   !   3       org.h2.jdbc.JdbcConnection::getTransactionIsolation (28 bytes)

GC Heap History (20 events):
Event: 22.201 GC heap before
{Heap before GC invocations=18 (full 0):
 garbage-first heap   total reserved 999424K, committed 53248K, used 42926K [0x00000000c3000000, 0x0000000100000000)
  region size 1024K, 15 young (15360K), 3 survivors (3072K)
 Metaspace       used 66505K, committed 67072K, reserved 1114112K
  class space    used 7305K, committed 7552K, reserved 1048576K
}
Event: 22.213 GC heap after
{Heap after GC invocations=19 (full 0):
 garbage-first heap   total reserved 999424K, committed 53248K, used 31694K [0x00000000c3000000, 0x0000000100000000)
  region size 1024K, 2 young (2048K), 2 survivors (2048K)
 Metaspace       used 66505K, committed 67072K, reserved 1114112K
  class space    used 7305K, committed 7552K, reserved 1048576K
}
Event: 22.507 GC heap before
{Heap before GC invocations=19 (full 0):
 garbage-first heap   total reserved 999424K, committed 53248K, used 47054K [0x00000000c3000000, 0x0000000100000000)
  region size 1024K, 17 young (17408K), 2 survivors (2048K)
 Metaspace       used 66562K, committed 67136K, reserved 1114112K
  class space    used 7310K, committed 7552K, reserved 1048576K
}
Event: 22.531 GC heap after
{Heap after GC invocations=20 (full 0):
 garbage-first heap   total reserved 999424K, committed 65536K, used 35092K [0x00000000c3000000, 0x0000000100000000)
  region size 1024K, 3 young (3072K), 3 survivors (3072K)
 Metaspace       used 66562K, committed 67136K, reserved 1114112K
  class space    used 7310K, committed 7552K, reserved 1048576K
}
Event: 23.132 GC heap before
{Heap before GC invocations=20 (full 0):
 garbage-first heap   total reserved 999424K, committed 65536K, used 56596K [0x00000000c3000000, 0x0000000100000000)
  region size 1024K, 25 young (25600K), 3 survivors (3072K)
 Metaspace       used 67889K, committed 68416K, reserved 1114112K
  class space    used 7565K, committed 7808K, reserved 1048576K
}
Event: 23.153 GC heap after
{Heap after GC invocations=21 (full 0):
 garbage-first heap   total reserved 999424K, committed 65536K, used 38912K [0x00000000c3000000, 0x0000000100000000)
  region size 1024K, 4 young (4096K), 4 survivors (4096K)
 Metaspace       used 67889K, committed 68416K, reserved 1114112K
  class space    used 7565K, committed 7808K, reserved 1048576K
}
Event: 23.579 GC heap before
{Heap before GC invocations=22 (full 0):
 garbage-first heap   total reserved 999424K, committed 65536K, used 57344K [0x00000000c3000000, 0x0000000100000000)
  region size 1024K, 22 young (22528K), 4 survivors (4096K)
 Metaspace       used 68373K, committed 68928K, reserved 1114112K
  class space    used 7698K, committed 7936K, reserved 1048576K
}
Event: 23.611 GC heap after
{Heap after GC invocations=23 (full 0):
 garbage-first heap   total reserved 999424K, committed 69632K, used 46592K [0x00000000c3000000, 0x0000000100000000)
  region size 1024K, 3 young (3072K), 3 survivors (3072K)
 Metaspace       used 68373K, committed 68928K, reserved 1114112K
  class space    used 7698K, committed 7936K, reserved 1048576K
}
Event: 24.001 GC heap before
{Heap before GC invocations=23 (full 0):
 garbage-first heap   total reserved 999424K, committed 69632K, used 59904K [0x00000000c3000000, 0x0000000100000000)
  region size 1024K, 16 young (16384K), 3 survivors (3072K)
 Metaspace       used 68383K, committed 68928K, reserved 1114112K
  class space    used 7698K, committed 7936K, reserved 1048576K
}
Event: 24.017 GC heap after
{Heap after GC invocations=24 (full 0):
 garbage-first heap   total reserved 999424K, committed 69632K, used 48264K [0x00000000c3000000, 0x0000000100000000)
  region size 1024K, 2 young (2048K), 2 survivors (2048K)
 Metaspace       used 68383K, committed 68928K, reserved 1114112K
  class space    used 7698K, committed 7936K, reserved 1048576K
}
Event: 24.268 GC heap before
{Heap before GC invocations=24 (full 0):
 garbage-first heap   total reserved 999424K, committed 69632K, used 60552K [0x00000000c3000000, 0x0000000100000000)
  region size 1024K, 14 young (14336K), 2 survivors (2048K)
 Metaspace       used 68388K, committed 68928K, reserved 1114112K
  class space    used 7698K, committed 7936K, reserved 1048576K
}
Event: 24.282 GC heap after
{Heap after GC invocations=25 (full 0):
 garbage-first heap   total reserved 999424K, committed 69632K, used 51627K [0x00000000c3000000, 0x0000000100000000)
  region size 1024K, 2 young (2048K), 2 survivors (2048K)
 Metaspace       used 68388K, committed 68928K, reserved 1114112K
  class space    used 7698K, committed 7936K, reserved 1048576K
}
Event: 24.569 GC heap before
{Heap before GC invocations=26 (full 0):
 garbage-first heap   total reserved 999424K, committed 86016K, used 60843K [0x00000000c3000000, 0x0000000100000000)
  region size 1024K, 12 young (12288K), 2 survivors (2048K)
 Metaspace       used 68388K, committed 68928K, reserved 1114112K
  class space    used 7698K, committed 7936K, reserved 1048576K
}
Event: 24.588 GC heap after
{Heap after GC invocations=27 (full 0):
 garbage-first heap   total reserved 999424K, committed 86016K, used 55296K [0x00000000c3000000, 0x0000000100000000)
  region size 1024K, 2 young (2048K), 2 survivors (2048K)
 Metaspace       used 68388K, committed 68928K, reserved 1114112K
  class space    used 7698K, committed 7936K, reserved 1048576K
}
Event: 24.659 GC heap before
{Heap before GC invocations=27 (full 0):
 garbage-first heap   total reserved 999424K, committed 86016K, used 70656K [0x00000000c3000000, 0x0000000100000000)
  region size 1024K, 18 young (18432K), 2 survivors (2048K)
 Metaspace       used 68390K, committed 68928K, reserved 1114112K
  class space    used 7698K, committed 7936K, reserved 1048576K
}
Event: 24.692 GC heap after
{Heap after GC invocations=28 (full 0):
 garbage-first heap   total reserved 999424K, committed 201728K, used 57344K [0x00000000c3000000, 0x0000000100000000)
  region size 1024K, 3 young (3072K), 3 survivors (3072K)
 Metaspace       used 68390K, committed 68928K, reserved 1114112K
  class space    used 7698K, committed 7936K, reserved 1048576K
}
Event: 403.940 GC heap before
{Heap before GC invocations=28 (full 0):
 garbage-first heap   total reserved 999424K, committed 201728K, used 143360K [0x00000000c3000000, 0x0000000100000000)
  region size 1024K, 87 young (89088K), 3 survivors (3072K)
 Metaspace       used 77963K, committed 78592K, reserved 1179648K
  class space    used 8866K, committed 9152K, reserved 1048576K
}
Event: 404.319 GC heap after
{Heap after GC invocations=29 (full 0):
 garbage-first heap   total reserved 999424K, committed 201728K, used 62976K [0x00000000c3000000, 0x0000000100000000)
  region size 1024K, 9 young (9216K), 9 survivors (9216K)
 Metaspace       used 77963K, committed 78592K, reserved 1179648K
  class space    used 8866K, committed 9152K, reserved 1048576K
}
Event: 573.380 GC heap before
{Heap before GC invocations=29 (full 0):
 garbage-first heap   total reserved 999424K, committed 201728K, used 67072K [0x00000000c3000000, 0x0000000100000000)
  region size 1024K, 14 young (14336K), 9 survivors (9216K)
 Metaspace       used 78732K, committed 79360K, reserved 1179648K
  class space    used 8937K, committed 9216K, reserved 1048576K
}
Event: 573.564 GC heap after
{Heap after GC invocations=30 (full 0):
 garbage-first heap   total reserved 999424K, committed 201728K, used 63488K [0x00000000c3000000, 0x0000000100000000)
  region size 1024K, 1 young (1024K), 1 survivors (1024K)
 Metaspace       used 78732K, committed 79360K, reserved 1179648K
  class space    used 8937K, committed 9216K, reserved 1048576K
}

Dll operation events (12 events):
Event: 0.139 Loaded shared library C:\Users\calab\.jdks\openjdk-24.0.2\bin\java.dll
Event: 0.326 Loaded shared library C:\Users\calab\.jdks\openjdk-24.0.2\bin\jsvml.dll
Event: 0.864 Loaded shared library C:\Users\calab\.jdks\openjdk-24.0.2\bin\zip.dll
Event: 0.874 Loaded shared library C:\Users\calab\.jdks\openjdk-24.0.2\bin\instrument.dll
Event: 0.886 Loaded shared library C:\Users\calab\.jdks\openjdk-24.0.2\bin\net.dll
Event: 0.889 Loaded shared library C:\Users\calab\.jdks\openjdk-24.0.2\bin\nio.dll
Event: 0.895 Loaded shared library C:\Users\calab\.jdks\openjdk-24.0.2\bin\zip.dll
Event: 1.407 Loaded shared library C:\Users\calab\.jdks\openjdk-24.0.2\bin\extnet.dll
Event: 1.503 Loaded shared library C:\Users\calab\.jdks\openjdk-24.0.2\bin\jimage.dll
Event: 8.039 Loaded shared library C:\Users\calab\.jdks\openjdk-24.0.2\bin\sunmscapi.dll
Event: 12.391 Loaded shared library C:\Users\calab\.jdks\openjdk-24.0.2\bin\management.dll
Event: 12.401 Loaded shared library C:\Users\calab\.jdks\openjdk-24.0.2\bin\management_ext.dll

Deoptimization events (20 events):
Event: 851.684 Thread 0x0000011146799d30 Uncommon trap: trap_request=0xffffff4d fr.pc=0x0000011172ff76b8 relative=0x00000000000001f8
Event: 851.684 Thread 0x0000011146799d30 Uncommon trap: reason=unstable_if action=reinterpret pc=0x0000011172ff76b8 method=java.util.HashMap.getNode(Ljava/lang/Object;)Ljava/util/HashMap$Node; @ 66 c2
Event: 851.684 Thread 0x0000011146799d30 DEOPT PACKING pc=0x0000011172ff76b8 sp=0x000000068befd300
Event: 851.684 Thread 0x0000011146799d30 DEOPT UNPACKING pc=0x0000011172a2cb7c sp=0x000000068befd208 mode 2
Event: 851.750 Thread 0x0000011146799d30 Uncommon trap: trap_request=0xffffff4d fr.pc=0x000001117320e024 relative=0x0000000000000184
Event: 851.750 Thread 0x0000011146799d30 Uncommon trap: reason=unstable_if action=reinterpret pc=0x000001117320e024 method=com.fasterxml.jackson.core.json.JsonWriteContext.writeValue()I @ 58 c2
Event: 851.750 Thread 0x0000011146799d30 DEOPT PACKING pc=0x000001117320e024 sp=0x000000068befceb0
Event: 851.750 Thread 0x0000011146799d30 DEOPT UNPACKING pc=0x0000011172a2cb7c sp=0x000000068befcdd0 mode 2
Event: 1063.195 Thread 0x0000011146d7b9d0 Uncommon trap: trap_request=0xffffff4d fr.pc=0x00000111732382d8 relative=0x0000000000000cb8
Event: 1063.195 Thread 0x0000011146d7b9d0 Uncommon trap: reason=unstable_if action=reinterpret pc=0x00000111732382d8 method=org.h2.mvstore.Chunk.isSaved()Z @ 11 c2
Event: 1063.195 Thread 0x0000011146d7b9d0 DEOPT PACKING pc=0x00000111732382d8 sp=0x000000068b5ff0a0
Event: 1063.198 Thread 0x0000011146d7b9d0 DEOPT UNPACKING pc=0x0000011172a2cb7c sp=0x000000068b5fedc8 mode 2
Event: 1063.363 Thread 0x0000011146d7b9d0 Uncommon trap: trap_request=0xffffff4d fr.pc=0x000001117323566c relative=0x00000000000000cc
Event: 1063.363 Thread 0x0000011146d7b9d0 Uncommon trap: reason=unstable_if action=reinterpret pc=0x000001117323566c method=org.h2.mvstore.Chunk.isSaved()Z @ 11 c2
Event: 1063.363 Thread 0x0000011146d7b9d0 DEOPT PACKING pc=0x000001117323566c sp=0x000000068b5feec0
Event: 1063.364 Thread 0x0000011146d7b9d0 DEOPT UNPACKING pc=0x0000011172a2cb7c sp=0x000000068b5feda0 mode 2
Event: 1140.506 Thread 0x0000011146798740 Uncommon trap: trap_request=0xffffff4d fr.pc=0x00000111730c2094 relative=0x00000000000004f4
Event: 1140.510 Thread 0x0000011146798740 Uncommon trap: reason=unstable_if action=reinterpret pc=0x00000111730c2094 method=sun.reflect.annotation.AnnotationInvocationHandler.invoke(Ljava/lang/Object;Ljava/lang/reflect/Method;[Ljava/lang/Object;)Ljava/lang/Object; @ 76 c2
Event: 1140.510 Thread 0x0000011146798740 DEOPT PACKING pc=0x00000111730c2094 sp=0x000000068c1fd0e0
Event: 1140.510 Thread 0x0000011146798740 DEOPT UNPACKING pc=0x0000011172a2cb7c sp=0x000000068c1fd088 mode 2

Classes loaded (20 events):
Event: 401.682 Loading class java/text/ParsePosition
Event: 401.683 Loading class java/text/ParsePosition done
Event: 401.683 Loading class java/time/format/DateTimeParseContext
Event: 401.685 Loading class java/time/format/DateTimeParseContext done
Event: 401.685 Loading class java/time/format/Parsed
Event: 401.688 Loading class java/time/format/Parsed done
Event: 403.346 Loading class jdk/internal/reflect/MethodHandleBooleanFieldAccessorImpl
Event: 403.349 Loading class jdk/internal/reflect/MethodHandleBooleanFieldAccessorImpl done
Event: 403.382 Loading class java/util/Formatter$FormatSpecifierParser
Event: 403.387 Loading class java/util/Formatter$FormatSpecifierParser done
Event: 403.388 Loading class jdk/internal/math/FormattedFPDecimal
Event: 403.389 Loading class jdk/internal/math/FormattedFPDecimal done
Event: 404.394 Loading class sun/util/resources/LocaleData$CommonResourceBundleProvider
Event: 404.395 Loading class sun/util/resources/LocaleData$LocaleDataResourceBundleProvider
Event: 404.396 Loading class java/util/spi/ResourceBundleProvider
Event: 404.397 Loading class java/util/spi/ResourceBundleProvider done
Event: 404.397 Loading class sun/util/resources/LocaleData$LocaleDataResourceBundleProvider done
Event: 404.397 Loading class sun/util/resources/LocaleData$CommonResourceBundleProvider done
Event: 573.760 Loading class java/util/function/LongSupplier
Event: 573.771 Loading class java/util/function/LongSupplier done

Classes unloaded (0 events):
No events

Classes redefined (0 events):
No events

Internal exceptions (20 events):
Event: 94.615 Thread 0x000001114679ba70 Exception <a 'java/lang/NoSuchMethodError'{0x00000000ca831968}: 'java.lang.Object java.lang.invoke.DelegatingMethodHandle$Holder.reinvoke_L(java.lang.Object, java.lang.Object, java.lang.Object, java.lang.Object, java.lang.Object, long)'> (0x00000000ca831968) 
thrown [s\open\src\hotspot\share\interpreter\linkResolver.cpp, line 805]
Event: 94.632 Thread 0x000001114679ba70 Exception <a 'java/lang/NoSuchMethodError'{0x00000000ca841c68}: 'java.lang.Object java.lang.invoke.Invokers$Holder.linkToTargetMethod(java.lang.Object, java.lang.Object, java.lang.Object, long, java.lang.Object)'> (0x00000000ca841c68) 
thrown [s\open\src\hotspot\share\interpreter\linkResolver.cpp, line 805]
Event: 105.954 Thread 0x000001114679ba70 Implicit null exception at 0x00000111730caaf2 to 0x00000111730cad68
Event: 402.609 Thread 0x0000011146797ff0 Exception <a 'java/lang/NoSuchMethodError'{0x00000000ca029228}: 'java.lang.Object java.lang.invoke.DirectMethodHandle$Holder.invokeInterface(java.lang.Object, java.lang.Object, java.lang.Object, java.lang.Object, java.lang.Object)'> (0x00000000ca029228) 
thrown [s\open\src\hotspot\share\interpreter\linkResolver.cpp, line 805]
Event: 402.686 Thread 0x0000011146797ff0 Exception <a 'java/lang/NoSuchMethodError'{0x00000000ca073928}: 'void java.lang.invoke.DirectMethodHandle$Holder.invokeSpecialIFC(java.lang.Object, java.lang.Object, int, java.lang.Object, java.lang.Object, java.lang.Object, java.lang.Object)'> (0x00000000ca073928) 
thrown [s\open\src\hotspot\share\interpreter\linkResolver.cpp, line 805]
Event: 403.352 Thread 0x0000011146797ff0 Exception <a 'java/lang/NoSuchMethodError'{0x00000000c9e87828}: 'void java.lang.invoke.Invokers$Holder.invokeExact_MT(java.lang.Object, java.lang.Object, int, java.lang.Object)'> (0x00000000c9e87828) 
thrown [s\open\src\hotspot\share\interpreter\linkResolver.cpp, line 805]
Event: 403.503 Thread 0x0000011146797ff0 Exception <a 'java/lang/NoSuchMethodError'{0x00000000c9d3c6b8}: 'int java.lang.invoke.Invokers$Holder.invokeExact_MT(java.lang.Object, java.lang.Object, java.lang.Object)'> (0x00000000c9d3c6b8) 
thrown [s\open\src\hotspot\share\interpreter\linkResolver.cpp, line 805]
Event: 403.586 Thread 0x0000011146797ff0 Exception <a 'java/lang/NoSuchMethodError'{0x00000000c9dcf390}: 'int java.lang.invoke.DirectMethodHandle$Holder.invokeStatic(java.lang.Object, java.lang.Object, int, int)'> (0x00000000c9dcf390) 
thrown [s\open\src\hotspot\share\interpreter\linkResolver.cpp, line 805]
Event: 572.859 Thread 0x000001114679b320 Exception <a 'java/lang/NoSuchMethodError'{0x00000000ceca4110}: 'java.lang.Object java.lang.invoke.DirectMethodHandle$Holder.invokeVirtual(java.lang.Object, java.lang.Object, java.lang.Object, java.lang.Object, java.lang.Object, java.lang.Object, java.lang.Object)'> (0x00000000ceca4110) 
thrown [s\open\src\hotspot\share\interpreter\linkResolver.cpp, line 805]
Event: 573.279 Thread 0x000001114679b320 Exception <a 'java/lang/NoSuchMethodError'{0x00000000cebc5350}: 'java.lang.Object java.lang.invoke.DirectMethodHandle$Holder.invokeStatic(java.lang.Object, java.lang.Object, java.lang.Object, java.lang.Object, java.lang.Object, java.lang.Object, java.lang.Object, java.lang.Object, java.lang.Object, java.lang.Object, java.lang.Object)'> (0x00000000cebc5350) 
thrown [s\open\src\hotspot\share\interpreter\linkResolver.cpp, line 805]
Event: 573.731 Thread 0x000001114679b320 Exception <a 'java/lang/IncompatibleClassChangeError'{0x00000000ced20d08}: Found class java.lang.Object, but interface was expected> (0x00000000ced20d08) 
thrown [s\open\src\hotspot\share\interpreter\linkResolver.cpp, line 872]
Event: 573.758 Thread 0x000001114679b320 Exception <a 'java/lang/IncompatibleClassChangeError'{0x00000000ced2c450}: Found class java.lang.Object, but interface was expected> (0x00000000ced2c450) 
thrown [s\open\src\hotspot\share\interpreter\linkResolver.cpp, line 872]
Event: 625.521 Thread 0x000001114679d060 Exception <a 'java/lang/IncompatibleClassChangeError'{0x00000000cec1ee80}: Found class java.lang.Object, but interface was expected> (0x00000000cec1ee80) 
thrown [s\open\src\hotspot\share\interpreter\linkResolver.cpp, line 872]
Event: 625.561 Thread 0x000001114679d060 Exception <a 'java/lang/NoSuchMethodError'{0x00000000cec428c0}: 'long java.lang.invoke.DelegatingMethodHandle$Holder.reinvoke_L(java.lang.Object, java.lang.Object)'> (0x00000000cec428c0) 
thrown [s\open\src\hotspot\share\interpreter\linkResolver.cpp, line 805]
Event: 625.570 Thread 0x000001114679d060 Exception <a 'java/lang/IncompatibleClassChangeError'{0x00000000cec5b7a0}: Found class java.lang.Object, but interface was expected> (0x00000000cec5b7a0) 
thrown [s\open\src\hotspot\share\interpreter\linkResolver.cpp, line 872]
Event: 625.570 Thread 0x000001114679d060 Exception <a 'java/lang/IncompatibleClassChangeError'{0x00000000cec5c4e0}: Found class java.lang.Object, but interface was expected> (0x00000000cec5c4e0) 
thrown [s\open\src\hotspot\share\interpreter\linkResolver.cpp, line 872]
Event: 625.571 Thread 0x000001114679d060 Exception <a 'java/lang/IncompatibleClassChangeError'{0x00000000cec5f800}: Found class java.lang.Object, but interface was expected> (0x00000000cec5f800) 
thrown [s\open\src\hotspot\share\interpreter\linkResolver.cpp, line 872]
Event: 669.133 Thread 0x000001114679ba70 Exception <a 'java/lang/IncompatibleClassChangeError'{0x00000000cebaeaf0}: Found class java.lang.Object, but interface was expected> (0x00000000cebaeaf0) 
thrown [s\open\src\hotspot\share\interpreter\linkResolver.cpp, line 872]
Event: 1060.954 Thread 0x000001114679abd0 Exception <a 'java/lang/NoSuchMethodError'{0x00000000ce7e6288}: 'java.lang.Object java.lang.invoke.Invokers$Holder.linkToTargetMethod(java.lang.Object, int, java.lang.Object, java.lang.Object, java.lang.Object, java.lang.Object)'> (0x00000000ce7e6288) 
thrown [s\open\src\hotspot\share\interpreter\linkResolver.cpp, line 805]
Event: 1061.049 Thread 0x000001114679abd0 Exception <a 'java/lang/NoSuchMethodError'{0x00000000ce6003d8}: 'int java.lang.invoke.DirectMethodHandle$Holder.invokeStatic(java.lang.Object, java.lang.Object, int, java.lang.Object)'> (0x00000000ce6003d8) 
thrown [s\open\src\hotspot\share\interpreter\linkResolver.cpp, line 805]

VM Operations (20 events):
Event: 962.384 Executing VM operation: HandshakeAllThreads (HandshakeForDeflation)
Event: 962.385 Executing VM operation: HandshakeAllThreads (HandshakeForDeflation) done
Event: 962.385 Executing VM operation: RendezvousGCThreads
Event: 962.385 Executing VM operation: RendezvousGCThreads done
Event: 1022.465 Executing VM operation: HandshakeAllThreads (HandshakeForDeflation)
Event: 1022.465 Executing VM operation: HandshakeAllThreads (HandshakeForDeflation) done
Event: 1022.465 Executing VM operation: RendezvousGCThreads
Event: 1022.466 Executing VM operation: RendezvousGCThreads done
Event: 1082.548 Executing VM operation: HandshakeAllThreads (HandshakeForDeflation)
Event: 1082.550 Executing VM operation: HandshakeAllThreads (HandshakeForDeflation) done
Event: 1082.550 Executing VM operation: RendezvousGCThreads
Event: 1082.550 Executing VM operation: RendezvousGCThreads done
Event: 1142.732 Executing VM operation: HandshakeAllThreads (HandshakeForDeflation)
Event: 1142.732 Executing VM operation: HandshakeAllThreads (HandshakeForDeflation) done
Event: 1142.732 Executing VM operation: RendezvousGCThreads
Event: 1142.732 Executing VM operation: RendezvousGCThreads done
Event: 1202.966 Executing VM operation: HandshakeAllThreads (HandshakeForDeflation)
Event: 1202.967 Executing VM operation: HandshakeAllThreads (HandshakeForDeflation) done
Event: 1202.967 Executing VM operation: RendezvousGCThreads
Event: 1202.967 Executing VM operation: RendezvousGCThreads done

Memory protections (0 events):
No events

Nmethod flushes (20 events):
Event: 24.498 Thread 0x0000011162c967b0 flushing  nmethod 0x000001116b743d08
Event: 24.498 Thread 0x0000011162c967b0 flushing  nmethod 0x000001116b789188
Event: 24.498 Thread 0x0000011162c967b0 flushing  nmethod 0x000001116b79af08
Event: 24.498 Thread 0x0000011162c967b0 flushing  nmethod 0x000001116b7a6b08
Event: 24.498 Thread 0x0000011162c967b0 flushing  nmethod 0x000001116b802388
Event: 24.498 Thread 0x0000011162c967b0 flushing  nmethod 0x000001116b819508
Event: 24.498 Thread 0x0000011162c967b0 flushing  nmethod 0x000001116b826088
Event: 24.498 Thread 0x0000011162c967b0 flushing  nmethod 0x000001116b82a308
Event: 24.498 Thread 0x0000011162c967b0 flushing  nmethod 0x000001116b8bcd08
Event: 24.498 Thread 0x0000011162c967b0 flushing  nmethod 0x000001116b8bd088
Event: 24.498 Thread 0x0000011162c967b0 flushing  nmethod 0x000001116b92e108
Event: 24.498 Thread 0x0000011162c967b0 flushing  nmethod 0x000001116b94fa88
Event: 24.498 Thread 0x0000011162c967b0 flushing  nmethod 0x000001116b973788
Event: 24.498 Thread 0x0000011162c967b0 flushing  nmethod 0x000001116bb38e88
Event: 24.498 Thread 0x0000011162c967b0 flushing  nmethod 0x000001116bb8ad88
Event: 24.498 Thread 0x0000011162c967b0 flushing  nmethod 0x000001116bbb2b08
Event: 24.498 Thread 0x0000011162c967b0 flushing  nmethod 0x000001116bbd9608
Event: 24.498 Thread 0x0000011162c967b0 flushing  nmethod 0x000001116bbd9b08
Event: 24.498 Thread 0x0000011162c967b0 flushing  nmethod 0x000001116bbe4188
Event: 24.498 Thread 0x0000011162c967b0 flushing  nmethod 0x000001116bbf6008

Events (20 events):
Event: 1510.303 Thread 0x0000011146d7c120 Thread added: 0x0000011146796a00
Event: 1510.315 Thread 0x0000011146796a00 Thread added: 0x000001114679df00
Event: 1518.949 Thread 0x0000011146796a00 Thread exited: 0x0000011146796a00
Event: 1518.984 Thread 0x000001114679df00 Thread exited: 0x000001114679df00
Event: 1692.249 Thread 0x0000011146d7c120 Thread added: 0x0000011146796a00
Event: 1692.274 Thread 0x0000011146796a00 Thread added: 0x000001114679df00
Event: 1697.278 Thread 0x0000011146796a00 Thread exited: 0x0000011146796a00
Event: 1697.363 Thread 0x000001114679df00 Thread exited: 0x000001114679df00
Event: 1717.755 Thread 0x0000011146d7c120 Thread added: 0x0000011146796a00
Event: 1717.761 Thread 0x0000011146796a00 Thread added: 0x000001114679df00
Event: 1722.769 Thread 0x0000011146796a00 Thread exited: 0x0000011146796a00
Event: 1722.810 Thread 0x000001114679df00 Thread exited: 0x000001114679df00
Event: 1773.463 Thread 0x0000011146d7c120 Thread added: 0x0000011146796a00
Event: 1773.465 Thread 0x0000011146796a00 Thread added: 0x000001114679df00
Event: 1778.469 Thread 0x0000011146796a00 Thread exited: 0x0000011146796a00
Event: 1778.520 Thread 0x000001114679df00 Thread exited: 0x000001114679df00
Event: 1815.919 Thread 0x0000011146d7c120 Thread added: 0x0000011146796a00
Event: 1815.925 Thread 0x0000011146796a00 Thread added: 0x000001114679df00
Event: 1820.934 Thread 0x0000011146796a00 Thread exited: 0x0000011146796a00
Event: 1820.995 Thread 0x000001114679df00 Thread exited: 0x000001114679df00


Dynamic libraries:
0x00007ff7c1d60000 - 0x00007ff7c1d6e000 	C:\Users\calab\.jdks\openjdk-24.0.2\bin\java.exe
0x00007ff849ed0000 - 0x00007ff84a0e7000 	C:\WINDOWS\SYSTEM32\ntdll.dll
0x00007ff849310000 - 0x00007ff8493d4000 	C:\WINDOWS\System32\KERNEL32.DLL
0x00007ff847460000 - 0x00007ff847832000 	C:\WINDOWS\System32\KERNELBASE.dll
0x00007ff847340000 - 0x00007ff847451000 	C:\WINDOWS\System32\ucrtbase.dll
0x00007ff83fa10000 - 0x00007ff83fa26000 	C:\Users\calab\.jdks\openjdk-24.0.2\bin\jli.dll
0x00007ff841230000 - 0x00007ff84124b000 	C:\Users\calab\.jdks\openjdk-24.0.2\bin\VCRUNTIME140.dll
0x00007ff848e80000 - 0x00007ff849031000 	C:\WINDOWS\System32\USER32.dll
0x00007ff847840000 - 0x00007ff847866000 	C:\WINDOWS\System32\win32u.dll
0x00007ff849060000 - 0x00007ff849089000 	C:\WINDOWS\System32\GDI32.dll
0x00007ff847870000 - 0x00007ff847993000 	C:\WINDOWS\System32\gdi32full.dll
0x00007ff847040000 - 0x00007ff8470da000 	C:\WINDOWS\System32\msvcp_win.dll
0x00007ff833370000 - 0x00007ff83360b000 	C:\WINDOWS\WinSxS\amd64_microsoft.windows.common-controls_6595b64144ccf1df_6.0.22621.5547_none_27104afb73855772\COMCTL32.dll
0x00007ff849450000 - 0x00007ff8494f7000 	C:\WINDOWS\System32\msvcrt.dll
0x00007ff849220000 - 0x00007ff849251000 	C:\WINDOWS\System32\IMM32.DLL
0x00007ff840760000 - 0x00007ff84076c000 	C:\Users\calab\.jdks\openjdk-24.0.2\bin\vcruntime140_1.dll
0x00007ff836010000 - 0x00007ff83609e000 	C:\Users\calab\.jdks\openjdk-24.0.2\bin\msvcp140.dll
0x00007fffe2e30000 - 0x00007fffe3bd1000 	C:\Users\calab\.jdks\openjdk-24.0.2\bin\server\jvm.dll
0x00007ff847f10000 - 0x00007ff847fc1000 	C:\WINDOWS\System32\ADVAPI32.dll
0x00007ff849160000 - 0x00007ff849208000 	C:\WINDOWS\System32\sechost.dll
0x00007ff8471a0000 - 0x00007ff8471c8000 	C:\WINDOWS\System32\bcrypt.dll
0x00007ff849500000 - 0x00007ff849614000 	C:\WINDOWS\System32\RPCRT4.dll
0x00007ff848540000 - 0x00007ff8485b1000 	C:\WINDOWS\System32\WS2_32.dll
0x00007ff846e90000 - 0x00007ff846edd000 	C:\WINDOWS\SYSTEM32\POWRPROF.dll
0x00007ff83e1b0000 - 0x00007ff83e1e4000 	C:\WINDOWS\SYSTEM32\WINMM.dll
0x00007ff8338b0000 - 0x00007ff8338ba000 	C:\WINDOWS\SYSTEM32\VERSION.dll
0x00007ff846e70000 - 0x00007ff846e83000 	C:\WINDOWS\SYSTEM32\UMPDC.dll
0x00007ff845ff0000 - 0x00007ff846008000 	C:\WINDOWS\SYSTEM32\kernel.appcore.dll
0x00007ff83fe90000 - 0x00007ff83fe9a000 	C:\Users\calab\.jdks\openjdk-24.0.2\bin\jimage.dll
0x00007ff844bc0000 - 0x00007ff844df3000 	C:\WINDOWS\SYSTEM32\DBGHELP.DLL
0x00007ff847fd0000 - 0x00007ff848363000 	C:\WINDOWS\System32\combase.dll
0x00007ff849750000 - 0x00007ff849827000 	C:\WINDOWS\System32\OLEAUT32.dll
0x00007ff8254f0000 - 0x00007ff825522000 	C:\WINDOWS\SYSTEM32\dbgcore.DLL
0x00007ff846fc0000 - 0x00007ff84703b000 	C:\WINDOWS\System32\bcryptPrimitives.dll
0x00007ff83dfb0000 - 0x00007ff83dfbf000 	C:\Users\calab\.jdks\openjdk-24.0.2\bin\instrument.dll
0x00007ff83c050000 - 0x00007ff83c06e000 	C:\Users\calab\.jdks\openjdk-24.0.2\bin\java.dll
0x00007ff847d70000 - 0x00007ff847f10000 	C:\WINDOWS\System32\ole32.dll
0x00007ff8485c0000 - 0x00007ff848e62000 	C:\WINDOWS\System32\SHELL32.dll
0x00007ff847a20000 - 0x00007ff847b5f000 	C:\WINDOWS\System32\wintypes.dll
0x00007ff844ef0000 - 0x00007ff84580d000 	C:\WINDOWS\SYSTEM32\windows.storage.dll
0x00007ff849620000 - 0x00007ff84972c000 	C:\WINDOWS\System32\SHCORE.dll
0x00007ff847d00000 - 0x00007ff847d69000 	C:\WINDOWS\System32\shlwapi.dll
0x00007ff846ef0000 - 0x00007ff846f1b000 	C:\WINDOWS\SYSTEM32\profapi.dll
0x00007ff834320000 - 0x00007ff8343f7000 	C:\Users\calab\.jdks\openjdk-24.0.2\bin\jsvml.dll
0x00007ff83b3c0000 - 0x00007ff83b3d7000 	C:\Users\calab\.jdks\openjdk-24.0.2\bin\zip.dll
0x00007ff83dfa0000 - 0x00007ff83dfb0000 	C:\Users\calab\.jdks\openjdk-24.0.2\bin\net.dll
0x00007ff846470000 - 0x00007ff8464d9000 	C:\WINDOWS\system32\mswsock.dll
0x00007ff83b3a0000 - 0x00007ff83b3b6000 	C:\Users\calab\.jdks\openjdk-24.0.2\bin\nio.dll
0x00007ff83df10000 - 0x00007ff83df19000 	C:\Users\calab\.jdks\openjdk-24.0.2\bin\extnet.dll
0x00007ff83b390000 - 0x00007ff83b39e000 	C:\Users\calab\.jdks\openjdk-24.0.2\bin\sunmscapi.dll
0x00007ff8471d0000 - 0x00007ff847337000 	C:\WINDOWS\System32\CRYPT32.dll
0x00007ff846880000 - 0x00007ff8468ad000 	C:\WINDOWS\SYSTEM32\ncrypt.dll
0x00007ff846840000 - 0x00007ff846877000 	C:\WINDOWS\SYSTEM32\NTASN1.dll
0x00007ff8466d0000 - 0x00007ff8466eb000 	C:\WINDOWS\SYSTEM32\CRYPTSP.dll
0x00007ff845f50000 - 0x00007ff845f87000 	C:\WINDOWS\system32\rsaenh.dll
0x00007ff846560000 - 0x00007ff846588000 	C:\WINDOWS\SYSTEM32\USERENV.dll
0x00007ff8466c0000 - 0x00007ff8466cc000 	C:\WINDOWS\SYSTEM32\CRYPTBASE.dll
0x00007ff845b00000 - 0x00007ff845b2d000 	C:\WINDOWS\SYSTEM32\IPHLPAPI.DLL
0x00007ff849210000 - 0x00007ff849219000 	C:\WINDOWS\System32\NSI.dll
0x00007ff83ae30000 - 0x00007ff83ae3a000 	C:\Users\calab\.jdks\openjdk-24.0.2\bin\management.dll
0x00007ff83ae20000 - 0x00007ff83ae2b000 	C:\Users\calab\.jdks\openjdk-24.0.2\bin\management_ext.dll
0x00007ff8493e0000 - 0x00007ff8493e8000 	C:\WINDOWS\System32\PSAPI.DLL
0x00007ff830da0000 - 0x00007ff830da8000 	C:\WINDOWS\system32\wshunix.dll

JVMTI agents:
C:\Program Files\JetBrains\IntelliJ IDEA 2025.2\lib\idea_rt.jar path:C:\Users\calab\.jdks\openjdk-24.0.2\bin\instrument.dll, loaded, initialized, instrumentlib options:49180

dbghelp: loaded successfully - version: 4.0.5 - missing functions: none
symbol engine: initialized successfully - sym options: 0x614 - pdb path: .;C:\Users\calab\.jdks\openjdk-24.0.2\bin;C:\WINDOWS\SYSTEM32;C:\WINDOWS\WinSxS\amd64_microsoft.windows.common-controls_6595b64144ccf1df_6.0.22621.5547_none_27104afb73855772;C:\Users\calab\.jdks\openjdk-24.0.2\bin\server

VM Arguments:
jvm_args: -javaagent:C:\Program Files\JetBrains\IntelliJ IDEA 2025.2\lib\idea_rt.jar=49180 -Dfile.encoding=UTF-8 -Dsun.stdout.encoding=UTF-8 -Dsun.stderr.encoding=UTF-8 
java_command: com.example.Florescer.FlorescerApplication
java_class_path (initial): C:\Users\calab\Florescer\target\classes;C:\Users\calab\.m2\repository\org\springframework\boot\spring-boot-starter-cache\3.5.7\spring-boot-starter-cache-3.5.7.jar;C:\Users\calab\.m2\repository\org\springframework\boot\spring-boot-starter\3.5.7\spring-boot-starter-3.5.7.jar;C:\Users\calab\.m2\repository\org\springframework\boot\spring-boot\3.5.7\spring-boot-3.5.7.jar;C:\Users\calab\.m2\repository\org\springframework\boot\spring-boot-autoconfigure\3.5.7\spring-boot-autoconfigure-3.5.7.jar;C:\Users\calab\.m2\repository\org\springframework\boot\spring-boot-starter-logging\3.5.7\spring-boot-starter-logging-3.5.7.jar;C:\Users\calab\.m2\repository\ch\qos\logback\logback-classic\1.5.20\logback-classic-1.5.20.jar;C:\Users\calab\.m2\repository\ch\qos\logback\logback-core\1.5.20\logback-core-1.5.20.jar;C:\Users\calab\.m2\repository\org\apache\logging\log4j\log4j-to-slf4j\2.24.3\log4j-to-slf4j-2.24.3.jar;C:\Users\calab\.m2\repository\org\apache\logging\log4j\log4j-api\2.24.3\log4j-api-2.24.3.jar;C:\Users\calab\.m2\repository\org\slf4j\jul-to-slf4j\2.0.17\jul-to-slf4j-2.0.17.jar;C:\Users\calab\.m2\repository\jakarta\annotation\jakarta.annotation-api\2.1.1\jakarta.annotation-api-2.1.1.jar;C:\Users\calab\.m2\repository\org\yaml\snakeyaml\2.4\snakeyaml-2.4.jar;C:\Users\calab\.m2\repository\org\springframework\spring-context-support\6.2.12\spring-context-support-6.2.12.jar;C:\Users\calab\.m2\repository\org\springframework\spring-beans\6.2.12\spring-beans-6.2.12.jar;C:\Users\calab\.m2\repository\org\springframework\spring-context\6.2.12\spring-context-6.2.12.jar;C:\Users\calab\.m2\repository\org\springframework\boot\spring-boot-starter-data-jpa\3.5.7\spring-boot-starter-data-jpa-3.5.7.jar;C:\Users\calab\.m2\repository\org\springframework\boot\spring-boot-starter-jdbc\3.5.7\spring-boot-starter-jdbc-3.5.7.jar;C:\Users\calab\.m2\repository\com\zaxxer\HikariCP\6.3.3\HikariCP-6.3.3.jar;C:\Users\calab\.m2\repository\org\springframework\spring-jdbc\6.2.12\spring-jdbc-6.2.12.jar;C:\Users\calab\.m2\repository\org\hibernate\orm\hibernate-core\6.6.33.Final\hibernate-core-6.6.33.Final.jar;C:\Users\calab\.m2\repository\jakarta\persistence\jakarta.persistence-api\3.1.0\jakarta.persistence-api-3.1.0.jar;C:\Users\calab\.m2\repository\jakarta\transaction\jakarta.transaction-api\2.0.1\jakarta.transaction-api-2.0.1.jar;C:\Users\calab\.m2\repository\org\jboss\logging\jboss-logging\3.6.1.Final\jboss-logging-3.6.1.Final.jar;C:\Users\calab\.m2\repository\org\hibernate\common\hibernate-commons-annotations\7.0.3.Final\hibernate-commons-annotations-7.0.3.Final.jar;C:\Users\calab\.m2\repository\io\smallrye\jandex\3.2.0\jandex-3.2.0.jar;C:\Users\calab\.m2\repository\com\fasterxml\classmate\1.7.1\classmate-1.7.1.jar;C:\Users\calab\.m2\repository\net\bytebuddy\byte-buddy\1.17.8\byte-buddy-1.17.8.jar;C:\Users\calab\.m2\repository\org\glassfish\jaxb\jaxb-runtime\4.0.6\jaxb-runtime-4.0.6.jar;C:\Users\calab\.m2\repository\org\glassfish\jaxb\jaxb-core\4.0.6\jaxb-core-4.0.6.jar;C:\Users\calab\.m2\repository\org\eclipse\angus\angus-activation\2.0.3\angus-activation-2.0.3.jar;C:\Users\calab\.m2\repository\org\glassfish\jaxb\txw2\4.0.6\txw2-4.0.6.jar;C:\Users\calab\.m2\repository\com\sun\istack\istack-commons-runtime\4.1.2\istack-commons-runtime-4.1.2.jar;C:\Users\calab\.m2\repository\jakarta\inject\jakarta.inject-api\2.0.1\jakarta.inject-api-2.0.1.jar;C:\Users\calab\.m2\repository\org\antlr\antlr4-runtime\4.13.0\antlr4-runtime-4.13.0.jar;C:\Users\calab\.m2\repository\org\springframework\data\spring-data-jpa\3.5.5\spring-data-jpa-3.5.5.jar;C:\Users\calab\.m2\repository\org\springframework\data\spring-data-commons\3.5.5\spring-data-commons-3.5.5.jar;C:\Users\calab\.m2\repository\org\springframework\spring-orm\6.2.12\spring-orm-6.2.12.jar;C:\Users\calab\.m2\repository\org\springframework\spring-aop\6.2.12\spring-aop-6.2.12.jar;C:\Users\calab\.m2\repository\org\springframework\spring-tx\6.2.12\spring-tx-6.2.12.jar;C:\Users\calab\.m2\repository\org\slf4j\slf4j-api\2.0.17\slf4j-api-2.0.17.jar;C:\Users\calab\.m2\repository\org\springframework\spring-aspects\6.2.12\spring-aspects-6.2.12.jar;C:\Users\calab\.m2\repository\org\aspectj\aspectjweaver\1.9.24\aspectjweaver-1.9.24.jar;C:\Users\calab\.m2\repository\org\springframework\boot\spring-boot-starter-validation\3.5.7\spring-boot-starter-validation-3.5.7.jar;C:\Users\calab\.m2\repository\org\apache\tomcat\embed\tomcat-embed-el\10.1.48\tomcat-embed-el-10.1.48.jar;C:\Users\calab\.m2\repository\org\hibernate\validator\hibernate-validator\8.0.3.Final\hibernate-validator-8.0.3.Final.jar;C:\Users\calab\.m2\repository\jakarta\validation\jakarta.validation-api\3.0.2\jakarta.validation-api-3.0.2.jar;C:\Users\calab\.m2\repository\org\springframework\boot\spring-boot-starter-web\3.5.7\spring-boot-starter-web-3.5.7.jar;C:\Users\calab\.m2\repository\org\springframework\boot\spring-boot-starter-json\3.5.7\spring-boot-starter-json-3.5.7.jar;C:\Users\calab\.m2\repository\com\fasterxml\jackson\core\jackson-databind\2.19.2\jackson-databind-2.19.2.jar;C:\Users\calab\.m2\repository\com\fasterxml\jackson\core\jackson-annotations\2.19.2\jackson-annotations-2.19.2.jar;C:\Users\calab\.m2\repository\com\fasterxml\jackson\core\jackson-core\2.19.2\jackson-core-2.19.2.jar;C:\Users\calab\.m2\repository\com\fasterxml\jackson\datatype\jackson-datatype-jdk8\2.19.2\jackson-datatype-jdk8-2.19.2.jar;C:\Users\calab\.m2\repository\com\fasterxml\jackson\datatype\jackson-datatype-jsr310\2.19.2\jackson-datatype-jsr310-2.19.2.jar;C:\Users\calab\.m2\repository\com\fasterxml\jackson\module\jackson-module-parameter-names\2.19.2\jackson-module-parameter-names-2.19.2.jar;C:\Users\calab\.m2\repository\org\springframework\boot\spring-boot-starter-tomcat\3.5.7\spring-boot-starter-tomcat-3.5.7.jar;C:\Users\calab\.m2\repository\org\apache\tomcat\embed\tomcat-embed-core\10.1.48\tomcat-embed-core-10.1.48.jar;C:\Users\calab\.m2\repository\org\apache\tomcat\embed\tomcat-embed-websocket\10.1.48\tomcat-embed-websocket-10.1.48.jar;C:\Users\calab\.m2\repository\org\springframework\spring-web\6.2.12\spring-web-6.2.12.jar;C:\Users\calab\.m2\repository\io\micrometer\micrometer-observation\1.15.5\micrometer-observation-1.15.5.jar;C:\Users\calab\.m2\repository\io\micrometer\micrometer-commons\1.15.5\micrometer-commons-1.15.5.jar;C:\Users\calab\.m2\repository\org\springframework\spring-webmvc\6.2.12\spring-webmvc-6.2.12.jar;C:\Users\calab\.m2\repository\org\springframework\spring-expression\6.2.12\spring-expression-6.2.12.jar;C:\Users\calab\.m2\repository\com\h2database\h2\2.3.232\h2-2.3.232.jar;C:\Users\calab\.m2\repository\jakarta\xml\bind\jakarta.xml.bind-api\4.0.4\jakarta.xml.bind-api-4.0.4.jar;C:\Users\calab\.m2\repository\jakarta\activation\jakarta.activation-api\2.1.4\jakarta.activation-api-2.1.4.jar;C:\Users\calab\.m2\repository\org\springframework\spring-core\6.2.12\spring-core-6.2.12.jar;C:\Users\calab\.m2\repository\org\springframework\spring-jcl\6.2.12\spring-jcl-6.2.12.jar
Launcher Type: SUN_STANDARD

[Global flags]
     intx CICompilerCount                          = 2                                         {product} {ergonomic}
     uint ConcGCThreads                            = 1                                         {product} {ergonomic}
     uint G1ConcRefinementThreads                  = 2                                         {product} {ergonomic}
   size_t G1HeapRegionSize                         = 1048576                                   {product} {ergonomic}
   size_t InitialHeapSize                          = 65011712                                  {product} {ergonomic}
   size_t MarkStackSize                            = 4194304                                   {product} {ergonomic}
   size_t MarkStackSizeMax                         = 536870912                                 {product} {ergonomic}
   size_t MaxHeapSize                              = 1023410176                                {product} {ergonomic}
   size_t MaxNewSize                               = 613416960                                 {product} {ergonomic}
   size_t MinHeapDeltaBytes                        = 1048576                                   {product} {ergonomic}
   size_t MinHeapSize                              = 8388608                                   {product} {ergonomic}
    uintx NonNMethodCodeHeapSize                   = 5767168                                {pd product} {ergonomic}
    uintx NonProfiledCodeHeapSize                  = 123011072                              {pd product} {ergonomic}
    uintx ProfiledCodeHeapSize                     = 122880000                              {pd product} {ergonomic}
    uintx ReservedCodeCacheSize                    = 251658240                              {pd product} {ergonomic}
     bool SegmentedCodeCache                       = true                                      {product} {ergonomic}
   size_t SoftMaxHeapSize                          = 1023410176                             {manageable} {ergonomic}
     bool UseCompressedOops                        = true                           {product lp64_product} {ergonomic}
     bool UseG1GC                                  = true                                      {product} {ergonomic}
     bool UseLargePagesIndividualAllocation        = false                                  {pd product} {ergonomic}

Logging:
Log output configuration:
 #0: stdout all=warning uptime,level,tags foldmultilines=false
 #1: stderr all=off uptime,level,tags foldmultilines=false

Environment Variables:
PATH=C:\Program Files\Python312\Scripts\;C:\Program Files\Python312\;C:\WINDOWS\system32;C:\WINDOWS;C:\WINDOWS\System32\Wbem;C:\WINDOWS\System32\WindowsPowerShell\v1.0\;C:\WINDOWS\System32\OpenSSH\;C:\Program Files (x86)\Git\cmd;C:\Program Files\dotnet\;C:\Program Files (x86)\Windows Kits\10\Windows Performance Toolkit\;C:\Program Files\nodejs\;C:\Users\calab\AppData\Local\Microsoft\WindowsApps;;C:\Users\calab\AppData\Local\Programs\Microsoft VS Code\bin;C:\Users\calab\AppData\Roaming\npm
USERNAME=calab
OS=Windows_NT
PROCESSOR_IDENTIFIER=Intel64 Family 6 Model 122 Stepping 8, GenuineIntel
TMP=C:\Users\calab\AppData\Local\Temp
TEMP=C:\Users\calab\AppData\Local\Temp




Periodic native trim disabled

---------------  S Y S T E M  ---------------

OS:
 Windows 11 , 64 bit Build 22621 (10.0.22621.5415)
OS uptime: 75 days 0:53 hours

CPU: total 2 (initial active 2) (2 cores per cpu, 1 threads per core) family 6 model 122 stepping 8 microcode 0x1a, cx8, cmov, fxsr, mmx, 3dnowpref, sse, sse2, sse3, ssse3, sse4.1, sse4.2, popcnt, tsc, tscinvbit, aes, erms, clmul, sha, clflush, clflushopt, rdtscp, rdpid
Processor Information for the first 2 processors :
  Max Mhz: 1101, Current Mhz: 1101, Mhz Limit: 1101

Memory: 4k page, system-wide physical 3902M (270M free)
TotalPageFile size 11841M (AvailPageFile size 0M)
current process WorkingSet (physical memory assigned to process): 19M, peak: 327M
current process commit charge ("private bytes"): 397M, peak: 421M

vm_info: OpenJDK 64-Bit Server VM (24.0.2+12-54) for windows-amd64 JRE (24.0.2+12-54), built on 2025-07-08T12:10:27Z with MS VC++ 17.6 (VS2022)

END.
